[ 2018-10-19T07:46:57+08:00 ] ::1 ::1 GET /
[ log ] stms.com/ [运行时间：0.096957s][吞吐率：10.31req/s] [内存消耗：1,576.16kb] [文件加载：55]
[ info ] [ LANG ] /Users/moonvee/Project/website/Stms/thinkphp/lang/zh-cn.php
[ info ] [ LANG ] /Users/moonvee/Project/website/Stms/public/../application/lang/zh-cn.php
[ info ] [ ROUTE ] array (
  'type' => 'module',
  'module' => 
  array (
    0 => '',
    1 => NULL,
    2 => NULL,
  ),
)
[ info ] [ HEADER ] array (
  'accept-language' => 'zh-CN,zh;q=0.9',
  'accept-encoding' => 'gzip, deflate',
  'accept' => 'text/html,application/xhtml+xml,application/xml;q=0.9,image/webp,image/apng,*/*;q=0.8',
  'user-agent' => 'Mozilla/5.0 (Macintosh; Intel Mac OS X 10_13_6) AppleWebKit/537.36 (KHTML, like Gecko) Chrome/69.0.3497.100 Safari/537.36',
  'upgrade-insecure-requests' => '1',
  'connection' => 'keep-alive',
  'host' => 'stms.com',
)
[ info ] [ PARAM ] array (
)
[ info ] [ SESSION ] INIT array (
  'id' => '',
  'var_session_id' => '',
  'prefix' => 'think',
  'type' => '',
  'auto_start' => true,
)
[ info ] [ RUN ] app\index\controller\Index->index[ /Users/moonvee/Project/website/Stms/application/index/controller/Index.php ]
[ info ] [ VIEW ] /Users/moonvee/Project/website/Stms/thinkphp/tpl/dispatch_jump.tpl [ array (
  0 => 'code',
  1 => 'msg',
  2 => 'data',
  3 => 'url',
  4 => 'wait',
) ]
[ info ] [ LOG ] INIT File

---------------------------------------------------------------
[ 2018-10-19T07:47:00+08:00 ] ::1 ::1 GET /index/user/login.html
[ log ] stms.com/index/user/login.html [运行时间：0.052025s][吞吐率：19.22req/s] [内存消耗：1,591.88kb] [文件加载：54]
[ info ] [ LANG ] /Users/moonvee/Project/website/Stms/thinkphp/lang/zh-cn.php
[ info ] [ LANG ] /Users/moonvee/Project/website/Stms/public/../application/lang/zh-cn.php
[ info ] [ ROUTE ] array (
  'type' => 'module',
  'module' => 
  array (
    0 => 'index',
    1 => 'user',
    2 => 'login',
  ),
)
[ info ] [ HEADER ] array (
  'cookie' => 'PHPSESSID=d6bcf27c8efcab74c6f404b4264d6549; thinkphp_show_page_trace=0|0',
  'accept-language' => 'zh-CN,zh;q=0.9',
  'accept-encoding' => 'gzip, deflate',
  'referer' => 'http://stms.com/',
  'accept' => 'text/html,application/xhtml+xml,application/xml;q=0.9,image/webp,image/apng,*/*;q=0.8',
  'user-agent' => 'Mozilla/5.0 (Macintosh; Intel Mac OS X 10_13_6) AppleWebKit/537.36 (KHTML, like Gecko) Chrome/69.0.3497.100 Safari/537.36',
  'upgrade-insecure-requests' => '1',
  'connection' => 'keep-alive',
  'host' => 'stms.com',
)
[ info ] [ PARAM ] array (
)
[ info ] [ SESSION ] INIT array (
  'id' => '',
  'var_session_id' => '',
  'prefix' => 'think',
  'type' => '',
  'auto_start' => true,
)
[ info ] [ RUN ] app\index\controller\User->login[ /Users/moonvee/Project/website/Stms/application/index/controller/User.php ]
[ info ] [ VIEW ] /Users/moonvee/Project/website/Stms/public/../application/index/view/user/login.html [ array (
) ]
[ info ] [ LOG ] INIT File

---------------------------------------------------------------
[ 2018-10-19T07:47:01+08:00 ] ::1 ::1 GET /captcha.html
[ log ] stms.com/captcha.html [运行时间：0.173386s][吞吐率：5.77req/s] [内存消耗：1,210.16kb] [文件加载：42]
[ info ] [ LANG ] /Users/moonvee/Project/website/Stms/thinkphp/lang/zh-cn.php
[ info ] [ LANG ] /Users/moonvee/Project/website/Stms/public/../application/lang/zh-cn.php
[ info ] [ ROUTE ] array (
  'type' => 'method',
  'method' => 
  array (
    0 => '\\think\\captcha\\CaptchaController',
    1 => 'index',
  ),
  'var' => 
  array (
  ),
)
[ info ] [ HEADER ] array (
  'cookie' => 'PHPSESSID=d6bcf27c8efcab74c6f404b4264d6549; thinkphp_show_page_trace=0|0',
  'accept-language' => 'zh-CN,zh;q=0.9',
  'accept-encoding' => 'gzip, deflate',
  'referer' => 'http://stms.com/index/user/login.html',
  'accept' => 'image/webp,image/apng,image/*,*/*;q=0.8',
  'user-agent' => 'Mozilla/5.0 (Macintosh; Intel Mac OS X 10_13_6) AppleWebKit/537.36 (KHTML, like Gecko) Chrome/69.0.3497.100 Safari/537.36',
  'connection' => 'keep-alive',
  'host' => 'stms.com',
)
[ info ] [ PARAM ] array (
  'id' => '',
)
[ info ] [ RUN ] think\captcha\CaptchaController->index[ /Users/moonvee/Project/website/Stms/vendor/topthink/think-captcha/src/CaptchaController.php ]
[ info ] [ SESSION ] INIT array (
  'id' => '',
  'var_session_id' => '',
  'prefix' => 'think',
  'type' => '',
  'auto_start' => true,
)
[ info ] [ LOG ] INIT File

---------------------------------------------------------------
[ 2018-10-19T07:58:11+08:00 ] ::1 ::1 GET /teacher/user/login.html
[ log ] stms.com/teacher/user/login.html [运行时间：0.053785s][吞吐率：18.59req/s] [内存消耗：1,587.33kb] [文件加载：57]
[ info ] [ LANG ] /Users/moonvee/Project/website/Stms/thinkphp/lang/zh-cn.php
[ info ] [ LANG ] /Users/moonvee/Project/website/Stms/public/../application/lang/zh-cn.php
[ info ] [ ROUTE ] array (
  'type' => 'module',
  'module' => 
  array (
    0 => 'teacher',
    1 => 'user',
    2 => 'login',
  ),
)
[ info ] [ HEADER ] array (
  'cookie' => 'PHPSESSID=d6bcf27c8efcab74c6f404b4264d6549; thinkphp_show_page_trace=0|0',
  'accept-language' => 'zh-CN,zh;q=0.9',
  'accept-encoding' => 'gzip, deflate',
  'referer' => 'http://stms.com/index/user/login.html',
  'accept' => 'text/html,application/xhtml+xml,application/xml;q=0.9,image/webp,image/apng,*/*;q=0.8',
  'user-agent' => 'Mozilla/5.0 (Macintosh; Intel Mac OS X 10_13_6) AppleWebKit/537.36 (KHTML, like Gecko) Chrome/69.0.3497.100 Safari/537.36',
  'upgrade-insecure-requests' => '1',
  'connection' => 'keep-alive',
  'host' => 'stms.com',
)
[ info ] [ PARAM ] array (
)
[ info ] [ SESSION ] INIT array (
  'id' => '',
  'var_session_id' => '',
  'prefix' => 'think',
  'type' => '',
  'auto_start' => true,
)
[ info ] [ RUN ] app\teacher\controller\User->login[ /Users/moonvee/Project/website/Stms/application/teacher/controller/User.php ]
[ info ] [ VIEW ] /Users/moonvee/Project/website/Stms/public/../application/teacher/view/user/login.html [ array (
) ]
[ info ] [ LOG ] INIT File

---------------------------------------------------------------
[ 2018-10-19T07:58:11+08:00 ] ::1 ::1 GET /captcha.html
[ log ] stms.com/captcha.html [运行时间：0.055687s][吞吐率：17.96req/s] [内存消耗：1,210.31kb] [文件加载：42]
[ info ] [ LANG ] /Users/moonvee/Project/website/Stms/thinkphp/lang/zh-cn.php
[ info ] [ LANG ] /Users/moonvee/Project/website/Stms/public/../application/lang/zh-cn.php
[ info ] [ ROUTE ] array (
  'type' => 'method',
  'method' => 
  array (
    0 => '\\think\\captcha\\CaptchaController',
    1 => 'index',
  ),
  'var' => 
  array (
  ),
)
[ info ] [ HEADER ] array (
  'cookie' => 'PHPSESSID=d6bcf27c8efcab74c6f404b4264d6549; thinkphp_show_page_trace=0|0',
  'accept-language' => 'zh-CN,zh;q=0.9',
  'accept-encoding' => 'gzip, deflate',
  'referer' => 'http://stms.com/teacher/user/login.html',
  'accept' => 'image/webp,image/apng,image/*,*/*;q=0.8',
  'user-agent' => 'Mozilla/5.0 (Macintosh; Intel Mac OS X 10_13_6) AppleWebKit/537.36 (KHTML, like Gecko) Chrome/69.0.3497.100 Safari/537.36',
  'connection' => 'keep-alive',
  'host' => 'stms.com',
)
[ info ] [ PARAM ] array (
  'id' => '',
)
[ info ] [ RUN ] think\captcha\CaptchaController->index[ /Users/moonvee/Project/website/Stms/vendor/topthink/think-captcha/src/CaptchaController.php ]
[ info ] [ SESSION ] INIT array (
  'id' => '',
  'var_session_id' => '',
  'prefix' => 'think',
  'type' => '',
  'auto_start' => true,
)
[ info ] [ LOG ] INIT File

---------------------------------------------------------------
[ 2018-10-19T07:58:16+08:00 ] ::1 ::1 POST /teacher/user/checklogin.html
[ log ] stms.com/teacher/user/checklogin.html [运行时间：0.143976s][吞吐率：6.95req/s] [内存消耗：2,425.11kb] [文件加载：62]
[ info ] [ LANG ] /Users/moonvee/Project/website/Stms/thinkphp/lang/zh-cn.php
[ info ] [ LANG ] /Users/moonvee/Project/website/Stms/public/../application/lang/zh-cn.php
[ info ] [ ROUTE ] array (
  'type' => 'module',
  'module' => 
  array (
    0 => 'teacher',
    1 => 'user',
    2 => 'checklogin',
  ),
)
[ info ] [ HEADER ] array (
  'cookie' => 'thinkphp_show_page_trace=0|0; PHPSESSID=d6bcf27c8efcab74c6f404b4264d6549; thinkphp_show_page_trace=0|0',
  'accept-language' => 'zh-CN,zh;q=0.9',
  'accept-encoding' => 'gzip, deflate',
  'referer' => 'http://stms.com/teacher/user/login.html',
  'content-type' => 'application/x-www-form-urlencoded; charset=UTF-8',
  'user-agent' => 'Mozilla/5.0 (Macintosh; Intel Mac OS X 10_13_6) AppleWebKit/537.36 (KHTML, like Gecko) Chrome/69.0.3497.100 Safari/537.36',
  'x-requested-with' => 'XMLHttpRequest',
  'origin' => 'http://stms.com',
  'accept' => 'application/json, text/javascript, */*; q=0.01',
  'content-length' => '37',
  'connection' => 'keep-alive',
  'host' => 'stms.com',
)
[ info ] [ PARAM ] array (
  'tid' => '10001',
  'password' => '123456',
  'verify' => '6847',
)
[ info ] [ SESSION ] INIT array (
  'id' => '',
  'var_session_id' => '',
  'prefix' => 'think',
  'type' => '',
  'auto_start' => true,
)
[ info ] [ RUN ] app\teacher\controller\User->checkLogin[ /Users/moonvee/Project/website/Stms/application/teacher/controller/User.php ]
[ info ] [ DB ] INIT mysql
[ info ] [ LOG ] INIT File
[ sql ] [ DB ] CONNECT:[ UseTime:0.029436s ] mysql:dbname=stms;host=127.0.0.1;port=3306;charset=utf8
[ sql ] [ SQL ] SHOW COLUMNS FROM `tp_info_t` [ RunTime:0.021264s ]
[ sql ] [ SQL ] SELECT * FROM `tp_info_t` WHERE  `tid` = '10001'  AND `password` = 'e10adc3949ba59abbe56e057f20f883e' LIMIT 1 [ RunTime:0.008908s ]

---------------------------------------------------------------
[ 2018-10-19T07:58:16+08:00 ] ::1 ::1 GET /teacher/index/index.html
[ log ] stms.com/teacher/index/index.html [运行时间：0.037062s][吞吐率：26.98req/s] [内存消耗：1,583.84kb] [文件加载：57]
[ info ] [ LANG ] /Users/moonvee/Project/website/Stms/thinkphp/lang/zh-cn.php
[ info ] [ LANG ] /Users/moonvee/Project/website/Stms/public/../application/lang/zh-cn.php
[ info ] [ ROUTE ] array (
  'type' => 'module',
  'module' => 
  array (
    0 => 'teacher',
    1 => 'index',
    2 => 'index',
  ),
)
[ info ] [ HEADER ] array (
  'cookie' => 'PHPSESSID=d6bcf27c8efcab74c6f404b4264d6549; thinkphp_show_page_trace=0|0',
  'accept-language' => 'zh-CN,zh;q=0.9',
  'accept-encoding' => 'gzip, deflate',
  'referer' => 'http://stms.com/teacher/user/login.html',
  'accept' => 'text/html,application/xhtml+xml,application/xml;q=0.9,image/webp,image/apng,*/*;q=0.8',
  'user-agent' => 'Mozilla/5.0 (Macintosh; Intel Mac OS X 10_13_6) AppleWebKit/537.36 (KHTML, like Gecko) Chrome/69.0.3497.100 Safari/537.36',
  'upgrade-insecure-requests' => '1',
  'connection' => 'keep-alive',
  'host' => 'stms.com',
)
[ info ] [ PARAM ] array (
)
[ info ] [ SESSION ] INIT array (
  'id' => '',
  'var_session_id' => '',
  'prefix' => 'think',
  'type' => '',
  'auto_start' => true,
)
[ info ] [ RUN ] app\teacher\controller\Index->index[ /Users/moonvee/Project/website/Stms/application/teacher/controller/Index.php ]
[ info ] [ VIEW ] /Users/moonvee/Project/website/Stms/public/../application/teacher/view/index/index.html [ array (
) ]
[ info ] [ LOG ] INIT File

---------------------------------------------------------------
[ 2018-10-19T07:58:17+08:00 ] ::1 ::1 GET /teacher/index/welcome.html
[ log ] stms.com/teacher/index/welcome.html [运行时间：0.068343s][吞吐率：14.63req/s] [内存消耗：1,531.12kb] [文件加载：56]
[ info ] [ LANG ] /Users/moonvee/Project/website/Stms/thinkphp/lang/zh-cn.php
[ info ] [ LANG ] /Users/moonvee/Project/website/Stms/public/../application/lang/zh-cn.php
[ info ] [ ROUTE ] array (
  'type' => 'module',
  'module' => 
  array (
    0 => 'teacher',
    1 => 'index',
    2 => 'welcome',
  ),
)
[ info ] [ HEADER ] array (
  'cookie' => 'thinkphp_show_page_trace=0|0; PHPSESSID=d6bcf27c8efcab74c6f404b4264d6549; thinkphp_show_page_trace=0|0',
  'accept-language' => 'zh-CN,zh;q=0.9',
  'accept-encoding' => 'gzip, deflate',
  'referer' => 'http://stms.com/teacher/index/index.html',
  'accept' => 'text/html,application/xhtml+xml,application/xml;q=0.9,image/webp,image/apng,*/*;q=0.8',
  'user-agent' => 'Mozilla/5.0 (Macintosh; Intel Mac OS X 10_13_6) AppleWebKit/537.36 (KHTML, like Gecko) Chrome/69.0.3497.100 Safari/537.36',
  'upgrade-insecure-requests' => '1',
  'connection' => 'keep-alive',
  'host' => 'stms.com',
)
[ info ] [ PARAM ] array (
)
[ info ] [ SESSION ] INIT array (
  'id' => '',
  'var_session_id' => '',
  'prefix' => 'think',
  'type' => '',
  'auto_start' => true,
)
[ info ] [ RUN ] app\teacher\controller\Index->welcome[ /Users/moonvee/Project/website/Stms/application/teacher/controller/Index.php ]
[ info ] [ VIEW ] /Users/moonvee/Project/website/Stms/public/../application/teacher/view/index/welcome.html [ array (
) ]
[ info ] [ LOG ] INIT File

---------------------------------------------------------------
[ 2018-10-19T07:58:19+08:00 ] ::1 ::1 GET /teacher/teacher/testup.html
[ log ] stms.com/teacher/teacher/testup.html [运行时间：0.094108s][吞吐率：10.63req/s] [内存消耗：2,725.61kb] [文件加载：67]
[ info ] [ LANG ] /Users/moonvee/Project/website/Stms/thinkphp/lang/zh-cn.php
[ info ] [ LANG ] /Users/moonvee/Project/website/Stms/public/../application/lang/zh-cn.php
[ info ] [ ROUTE ] array (
  'type' => 'module',
  'module' => 
  array (
    0 => 'teacher',
    1 => 'teacher',
    2 => 'testup',
  ),
)
[ info ] [ HEADER ] array (
  'cookie' => 'PHPSESSID=d6bcf27c8efcab74c6f404b4264d6549; thinkphp_show_page_trace=0|0',
  'accept-language' => 'zh-CN,zh;q=0.9',
  'accept-encoding' => 'gzip, deflate',
  'referer' => 'http://stms.com/teacher/index/index.html',
  'accept' => 'text/html,application/xhtml+xml,application/xml;q=0.9,image/webp,image/apng,*/*;q=0.8',
  'user-agent' => 'Mozilla/5.0 (Macintosh; Intel Mac OS X 10_13_6) AppleWebKit/537.36 (KHTML, like Gecko) Chrome/69.0.3497.100 Safari/537.36',
  'upgrade-insecure-requests' => '1',
  'connection' => 'keep-alive',
  'host' => 'stms.com',
)
[ info ] [ PARAM ] array (
)
[ info ] [ SESSION ] INIT array (
  'id' => '',
  'var_session_id' => '',
  'prefix' => 'think',
  'type' => '',
  'auto_start' => true,
)
[ info ] [ RUN ] app\teacher\controller\Teacher->testUp[ /Users/moonvee/Project/website/Stms/application/teacher/controller/Teacher.php ]
[ info ] [ DB ] INIT mysql
[ info ] [ VIEW ] /Users/moonvee/Project/website/Stms/public/../application/teacher/view/teacher/test_up.html [ array (
  0 => 'testList',
  1 => 'title',
) ]
[ info ] [ LOG ] INIT File
[ sql ] [ DB ] CONNECT:[ UseTime:0.000869s ] mysql:dbname=stms;host=127.0.0.1;port=3306;charset=utf8
[ sql ] [ SQL ] SHOW COLUMNS FROM `tp_test_t` [ RunTime:0.004321s ]
[ sql ] [ SQL ] SELECT * FROM `tp_test_t` WHERE  `tid` = '10001' ORDER BY id desc [ RunTime:0.002172s ]

---------------------------------------------------------------
[ 2018-10-19T07:58:20+08:00 ] ::1 ::1 GET /teacher/teacher/stulist/id/id.html
[ log ] stms.com/teacher/teacher/stulist/id/id.html [运行时间：0.101036s][吞吐率：9.90req/s] [内存消耗：2,384.37kb] [文件加载：65]
[ info ] [ LANG ] /Users/moonvee/Project/website/Stms/thinkphp/lang/zh-cn.php
[ info ] [ LANG ] /Users/moonvee/Project/website/Stms/public/../application/lang/zh-cn.php
[ info ] [ ROUTE ] array (
  'type' => 'module',
  'module' => 
  array (
    0 => 'teacher',
    1 => 'teacher',
    2 => 'stulist',
  ),
)
[ info ] [ HEADER ] array (
  'cookie' => 'thinkphp_show_page_trace=0|0; PHPSESSID=d6bcf27c8efcab74c6f404b4264d6549; thinkphp_show_page_trace=0|0',
  'accept-language' => 'zh-CN,zh;q=0.9',
  'accept-encoding' => 'gzip, deflate',
  'referer' => 'http://stms.com/teacher/teacher/testup.html',
  'accept' => 'text/html,application/xhtml+xml,application/xml;q=0.9,image/webp,image/apng,*/*;q=0.8',
  'user-agent' => 'Mozilla/5.0 (Macintosh; Intel Mac OS X 10_13_6) AppleWebKit/537.36 (KHTML, like Gecko) Chrome/69.0.3497.100 Safari/537.36',
  'upgrade-insecure-requests' => '1',
  'connection' => 'keep-alive',
  'host' => 'stms.com',
)
[ info ] [ PARAM ] array (
  'id' => 'id',
)
[ info ] [ SESSION ] INIT array (
  'id' => '',
  'var_session_id' => '',
  'prefix' => 'think',
  'type' => '',
  'auto_start' => true,
)
[ info ] [ RUN ] app\teacher\controller\Teacher->stuList[ /Users/moonvee/Project/website/Stms/application/teacher/controller/Teacher.php ]
[ info ] [ DB ] INIT mysql
[ info ] [ VIEW ] /Users/moonvee/Project/website/Stms/public/../application/teacher/view/teacher/stu_list.html [ array (
  0 => 'testList',
  1 => 'title',
) ]
[ info ] [ LOG ] INIT File
[ sql ] [ DB ] CONNECT:[ UseTime:0.000599s ] mysql:dbname=stms;host=127.0.0.1;port=3306;charset=utf8
[ sql ] [ SQL ] SHOW COLUMNS FROM `tp_test_s` [ RunTime:0.003159s ]
[ sql ] [ SQL ] SELECT COUNT(*) AS tp_count FROM `tp_test_s` WHERE  `cid` = 0 LIMIT 1 [ RunTime:0.009924s ]
[ sql ] [ SQL ] SELECT * FROM `tp_test_s` WHERE  `cid` = 0 LIMIT 0,15 [ RunTime:0.000668s ]

---------------------------------------------------------------
[ 2018-10-19T07:58:20+08:00 ] ::1 ::1 GET /teacher/teacher/stulist/id/lib/laypage/1.2/laypage.js
[ log ] stms.com/teacher/teacher/stulist/id/lib/laypage/1.2/laypage.js [运行时间：0.117208s][吞吐率：8.53req/s] [内存消耗：2,383.75kb] [文件加载：65]
[ info ] [ LANG ] /Users/moonvee/Project/website/Stms/thinkphp/lang/zh-cn.php
[ info ] [ LANG ] /Users/moonvee/Project/website/Stms/public/../application/lang/zh-cn.php
[ info ] [ ROUTE ] array (
  'type' => 'module',
  'module' => 
  array (
    0 => 'teacher',
    1 => 'teacher',
    2 => 'stulist',
  ),
)
[ info ] [ HEADER ] array (
  'cookie' => 'thinkphp_show_page_trace=0|0; PHPSESSID=d6bcf27c8efcab74c6f404b4264d6549; thinkphp_show_page_trace=0|0',
  'accept-language' => 'zh-CN,zh;q=0.9',
  'accept-encoding' => 'gzip, deflate',
  'referer' => 'http://stms.com/teacher/teacher/stulist/id/id.html',
  'accept' => '*/*',
  'user-agent' => 'Mozilla/5.0 (Macintosh; Intel Mac OS X 10_13_6) AppleWebKit/537.36 (KHTML, like Gecko) Chrome/69.0.3497.100 Safari/537.36',
  'connection' => 'keep-alive',
  'host' => 'stms.com',
)
[ info ] [ PARAM ] array (
  'id' => 'lib',
  'laypage' => '1.2',
)
[ info ] [ SESSION ] INIT array (
  'id' => '',
  'var_session_id' => '',
  'prefix' => 'think',
  'type' => '',
  'auto_start' => true,
)
[ info ] [ RUN ] app\teacher\controller\Teacher->stuList[ /Users/moonvee/Project/website/Stms/application/teacher/controller/Teacher.php ]
[ info ] [ DB ] INIT mysql
[ info ] [ VIEW ] /Users/moonvee/Project/website/Stms/public/../application/teacher/view/teacher/stu_list.html [ array (
  0 => 'testList',
  1 => 'title',
) ]
[ info ] [ LOG ] INIT File
[ sql ] [ DB ] CONNECT:[ UseTime:0.000753s ] mysql:dbname=stms;host=127.0.0.1;port=3306;charset=utf8
[ sql ] [ SQL ] SHOW COLUMNS FROM `tp_test_s` [ RunTime:0.005610s ]
[ sql ] [ SQL ] SELECT COUNT(*) AS tp_count FROM `tp_test_s` WHERE  `cid` = 0 LIMIT 1 [ RunTime:0.000805s ]
[ sql ] [ SQL ] SELECT * FROM `tp_test_s` WHERE  `cid` = 0 LIMIT 0,15 [ RunTime:0.000642s ]

---------------------------------------------------------------
[ 2018-10-19T07:58:25+08:00 ] ::1 ::1 GET /captcha?id=1539907105
[ log ] stms.com/captcha?id=1539907105 [运行时间：0.024022s][吞吐率：41.63req/s] [内存消耗：1,213.16kb] [文件加载：42]
[ info ] [ LANG ] /Users/moonvee/Project/website/Stms/thinkphp/lang/zh-cn.php
[ info ] [ LANG ] /Users/moonvee/Project/website/Stms/public/../application/lang/zh-cn.php
[ info ] [ ROUTE ] array (
  'type' => 'method',
  'method' => 
  array (
    0 => '\\think\\captcha\\CaptchaController',
    1 => 'index',
  ),
  'var' => 
  array (
  ),
)
[ info ] [ HEADER ] array (
  'cookie' => 'PHPSESSID=d6bcf27c8efcab74c6f404b4264d6549; thinkphp_show_page_trace=0|0',
  'accept-language' => 'zh-CN,zh;q=0.9',
  'accept-encoding' => 'gzip, deflate',
  'referer' => 'http://stms.com/index/user/login.html',
  'accept' => 'image/webp,image/apng,image/*,*/*;q=0.8',
  'user-agent' => 'Mozilla/5.0 (Macintosh; Intel Mac OS X 10_13_6) AppleWebKit/537.36 (KHTML, like Gecko) Chrome/69.0.3497.100 Safari/537.36',
  'connection' => 'keep-alive',
  'host' => 'stms.com',
)
[ info ] [ PARAM ] array (
  'id' => '',
)
[ info ] [ RUN ] think\captcha\CaptchaController->index[ /Users/moonvee/Project/website/Stms/vendor/topthink/think-captcha/src/CaptchaController.php ]
[ info ] [ SESSION ] INIT array (
  'id' => '',
  'var_session_id' => '',
  'prefix' => 'think',
  'type' => '',
  'auto_start' => true,
)
[ info ] [ LOG ] INIT File

---------------------------------------------------------------
[ 2018-10-19T07:58:28+08:00 ] ::1 ::1 POST /index/user/checklogin.html
[ log ] stms.com/index/user/checklogin.html [运行时间：0.048268s][吞吐率：20.72req/s] [内存消耗：2,441.38kb] [文件加载：59]
[ info ] [ LANG ] /Users/moonvee/Project/website/Stms/thinkphp/lang/zh-cn.php
[ info ] [ LANG ] /Users/moonvee/Project/website/Stms/public/../application/lang/zh-cn.php
[ info ] [ ROUTE ] array (
  'type' => 'module',
  'module' => 
  array (
    0 => 'index',
    1 => 'user',
    2 => 'checklogin',
  ),
)
[ info ] [ HEADER ] array (
  'cookie' => 'thinkphp_show_page_trace=0|0; PHPSESSID=d6bcf27c8efcab74c6f404b4264d6549; thinkphp_show_page_trace=0|0',
  'accept-language' => 'zh-CN,zh;q=0.9',
  'accept-encoding' => 'gzip, deflate',
  'referer' => 'http://stms.com/index/user/login.html',
  'content-type' => 'application/x-www-form-urlencoded; charset=UTF-8',
  'user-agent' => 'Mozilla/5.0 (Macintosh; Intel Mac OS X 10_13_6) AppleWebKit/537.36 (KHTML, like Gecko) Chrome/69.0.3497.100 Safari/537.36',
  'x-requested-with' => 'XMLHttpRequest',
  'origin' => 'http://stms.com',
  'accept' => 'application/json, text/javascript, */*; q=0.01',
  'content-length' => '45',
  'connection' => 'keep-alive',
  'host' => 'stms.com',
)
[ info ] [ PARAM ] array (
  'sid' => '2015984120317',
  'password' => '123456',
  'verify' => '6436',
)
[ info ] [ SESSION ] INIT array (
  'id' => '',
  'var_session_id' => '',
  'prefix' => 'think',
  'type' => '',
  'auto_start' => true,
)
[ info ] [ RUN ] app\index\controller\User->checkLogin[ /Users/moonvee/Project/website/Stms/application/index/controller/User.php ]
[ info ] [ DB ] INIT mysql
[ info ] [ LOG ] INIT File
[ sql ] [ DB ] CONNECT:[ UseTime:0.000642s ] mysql:dbname=stms;host=127.0.0.1;port=3306;charset=utf8
[ sql ] [ SQL ] SHOW COLUMNS FROM `tp_info_s` [ RunTime:0.003969s ]
[ sql ] [ SQL ] SELECT * FROM `tp_info_s` WHERE  `sid` = '2015984120317' LIMIT 1 [ RunTime:0.002776s ]
[ sql ] [ SQL ] SELECT * FROM `tp_info_s` WHERE  `sid` = '2015984120317'  AND `password` = 'e10adc3949ba59abbe56e057f20f883e' LIMIT 1 [ RunTime:0.000772s ]

---------------------------------------------------------------
[ 2018-10-19T07:58:28+08:00 ] ::1 ::1 GET /index/index/index.html
[ log ] stms.com/index/index/index.html [运行时间：0.040149s][吞吐率：24.91req/s] [内存消耗：1,584.63kb] [文件加载：54]
[ info ] [ LANG ] /Users/moonvee/Project/website/Stms/thinkphp/lang/zh-cn.php
[ info ] [ LANG ] /Users/moonvee/Project/website/Stms/public/../application/lang/zh-cn.php
[ info ] [ ROUTE ] array (
  'type' => 'module',
  'module' => 
  array (
    0 => 'index',
    1 => 'index',
    2 => 'index',
  ),
)
[ info ] [ HEADER ] array (
  'cookie' => 'PHPSESSID=d6bcf27c8efcab74c6f404b4264d6549; thinkphp_show_page_trace=0|0',
  'accept-language' => 'zh-CN,zh;q=0.9',
  'accept-encoding' => 'gzip, deflate',
  'referer' => 'http://stms.com/index/user/login.html',
  'accept' => 'text/html,application/xhtml+xml,application/xml;q=0.9,image/webp,image/apng,*/*;q=0.8',
  'user-agent' => 'Mozilla/5.0 (Macintosh; Intel Mac OS X 10_13_6) AppleWebKit/537.36 (KHTML, like Gecko) Chrome/69.0.3497.100 Safari/537.36',
  'upgrade-insecure-requests' => '1',
  'connection' => 'keep-alive',
  'host' => 'stms.com',
)
[ info ] [ PARAM ] array (
)
[ info ] [ SESSION ] INIT array (
  'id' => '',
  'var_session_id' => '',
  'prefix' => 'think',
  'type' => '',
  'auto_start' => true,
)
[ info ] [ RUN ] app\index\controller\Index->index[ /Users/moonvee/Project/website/Stms/application/index/controller/Index.php ]
[ info ] [ VIEW ] /Users/moonvee/Project/website/Stms/public/../application/index/view/index/index.html [ array (
) ]
[ info ] [ LOG ] INIT File

---------------------------------------------------------------
[ 2018-10-19T07:58:28+08:00 ] ::1 ::1 GET /index/index/welcome.html
[ log ] stms.com/index/index/welcome.html [运行时间：0.041607s][吞吐率：24.03req/s] [内存消耗：1,531.63kb] [文件加载：53]
[ info ] [ LANG ] /Users/moonvee/Project/website/Stms/thinkphp/lang/zh-cn.php
[ info ] [ LANG ] /Users/moonvee/Project/website/Stms/public/../application/lang/zh-cn.php
[ info ] [ ROUTE ] array (
  'type' => 'module',
  'module' => 
  array (
    0 => 'index',
    1 => 'index',
    2 => 'welcome',
  ),
)
[ info ] [ HEADER ] array (
  'cookie' => 'thinkphp_show_page_trace=0|0; PHPSESSID=d6bcf27c8efcab74c6f404b4264d6549; thinkphp_show_page_trace=0|0',
  'accept-language' => 'zh-CN,zh;q=0.9',
  'accept-encoding' => 'gzip, deflate',
  'referer' => 'http://stms.com/index/index/index.html',
  'accept' => 'text/html,application/xhtml+xml,application/xml;q=0.9,image/webp,image/apng,*/*;q=0.8',
  'user-agent' => 'Mozilla/5.0 (Macintosh; Intel Mac OS X 10_13_6) AppleWebKit/537.36 (KHTML, like Gecko) Chrome/69.0.3497.100 Safari/537.36',
  'upgrade-insecure-requests' => '1',
  'connection' => 'keep-alive',
  'host' => 'stms.com',
)
[ info ] [ PARAM ] array (
)
[ info ] [ SESSION ] INIT array (
  'id' => '',
  'var_session_id' => '',
  'prefix' => 'think',
  'type' => '',
  'auto_start' => true,
)
[ info ] [ RUN ] app\index\controller\Index->welcome[ /Users/moonvee/Project/website/Stms/application/index/controller/Index.php ]
[ info ] [ VIEW ] /Users/moonvee/Project/website/Stms/public/../application/index/view/index/welcome.html [ array (
) ]
[ info ] [ LOG ] INIT File

---------------------------------------------------------------
[ 2018-10-19T07:58:31+08:00 ] ::1 ::1 GET /index/student/stuscore.html
[ log ] stms.com/index/student/stuscore.html [运行时间：0.064461s][吞吐率：15.51req/s] [内存消耗：1,241.89kb] [文件加载：48]
[ info ] [ LANG ] /Users/moonvee/Project/website/Stms/thinkphp/lang/zh-cn.php
[ info ] [ LANG ] /Users/moonvee/Project/website/Stms/public/../application/lang/zh-cn.php
[ info ] [ ROUTE ] array (
  'type' => 'module',
  'module' => 
  array (
    0 => 'index',
    1 => 'student',
    2 => 'stuscore',
  ),
)
[ info ] [ HEADER ] array (
  'cookie' => 'PHPSESSID=d6bcf27c8efcab74c6f404b4264d6549; thinkphp_show_page_trace=0|0',
  'accept-language' => 'zh-CN,zh;q=0.9',
  'accept-encoding' => 'gzip, deflate',
  'referer' => 'http://stms.com/index/index/index.html',
  'accept' => 'text/html,application/xhtml+xml,application/xml;q=0.9,image/webp,image/apng,*/*;q=0.8',
  'user-agent' => 'Mozilla/5.0 (Macintosh; Intel Mac OS X 10_13_6) AppleWebKit/537.36 (KHTML, like Gecko) Chrome/69.0.3497.100 Safari/537.36',
  'upgrade-insecure-requests' => '1',
  'connection' => 'keep-alive',
  'host' => 'stms.com',
)
[ info ] [ PARAM ] array (
)
[ info ] [ LOG ] INIT File
[ error ] [0]语法解析错误: syntax error, unexpected '}', expecting ';'[/Users/moonvee/Project/website/Stms/application/index/controller/Student.php:114]

---------------------------------------------------------------
[ 2018-10-19T07:58:40+08:00 ] ::1 ::1 GET /index/student/stutest.html
[ log ] stms.com/index/student/stutest.html [运行时间：0.030484s][吞吐率：32.80req/s] [内存消耗：1,242.05kb] [文件加载：48]
[ info ] [ LANG ] /Users/moonvee/Project/website/Stms/thinkphp/lang/zh-cn.php
[ info ] [ LANG ] /Users/moonvee/Project/website/Stms/public/../application/lang/zh-cn.php
[ info ] [ ROUTE ] array (
  'type' => 'module',
  'module' => 
  array (
    0 => 'index',
    1 => 'student',
    2 => 'stutest',
  ),
)
[ info ] [ HEADER ] array (
  'cookie' => 'thinkphp_show_page_trace=0|0; PHPSESSID=d6bcf27c8efcab74c6f404b4264d6549; thinkphp_show_page_trace=0|0',
  'accept-language' => 'zh-CN,zh;q=0.9',
  'accept-encoding' => 'gzip, deflate',
  'referer' => 'http://stms.com/index/index/index.html',
  'accept' => 'text/html,application/xhtml+xml,application/xml;q=0.9,image/webp,image/apng,*/*;q=0.8',
  'user-agent' => 'Mozilla/5.0 (Macintosh; Intel Mac OS X 10_13_6) AppleWebKit/537.36 (KHTML, like Gecko) Chrome/69.0.3497.100 Safari/537.36',
  'upgrade-insecure-requests' => '1',
  'connection' => 'keep-alive',
  'host' => 'stms.com',
)
[ info ] [ PARAM ] array (
)
[ info ] [ LOG ] INIT File
[ error ] [0]语法解析错误: syntax error, unexpected '}', expecting ';'[/Users/moonvee/Project/website/Stms/application/index/controller/Student.php:114]

---------------------------------------------------------------
[ 2018-10-19T07:58:42+08:00 ] ::1 ::1 GET /index/student/info.html
[ log ] stms.com/index/student/info.html [运行时间：0.029577s][吞吐率：33.81req/s] [内存消耗：1,242.02kb] [文件加载：48]
[ info ] [ LANG ] /Users/moonvee/Project/website/Stms/thinkphp/lang/zh-cn.php
[ info ] [ LANG ] /Users/moonvee/Project/website/Stms/public/../application/lang/zh-cn.php
[ info ] [ ROUTE ] array (
  'type' => 'module',
  'module' => 
  array (
    0 => 'index',
    1 => 'student',
    2 => 'info',
  ),
)
[ info ] [ HEADER ] array (
  'cookie' => 'thinkphp_show_page_trace=0|0; PHPSESSID=d6bcf27c8efcab74c6f404b4264d6549; thinkphp_show_page_trace=0|0',
  'accept-language' => 'zh-CN,zh;q=0.9',
  'accept-encoding' => 'gzip, deflate',
  'referer' => 'http://stms.com/index/index/index.html',
  'accept' => 'text/html,application/xhtml+xml,application/xml;q=0.9,image/webp,image/apng,*/*;q=0.8',
  'user-agent' => 'Mozilla/5.0 (Macintosh; Intel Mac OS X 10_13_6) AppleWebKit/537.36 (KHTML, like Gecko) Chrome/69.0.3497.100 Safari/537.36',
  'upgrade-insecure-requests' => '1',
  'connection' => 'keep-alive',
  'host' => 'stms.com',
)
[ info ] [ PARAM ] array (
)
[ info ] [ LOG ] INIT File
[ error ] [0]语法解析错误: syntax error, unexpected '}', expecting ';'[/Users/moonvee/Project/website/Stms/application/index/controller/Student.php:114]

---------------------------------------------------------------
[ 2018-10-19T07:59:31+08:00 ] ::1 ::1 GET /index/student/info.html
[ log ] stms.com/index/student/info.html [运行时间：0.065734s][吞吐率：15.21req/s] [内存消耗：2,525.23kb] [文件加载：61]
[ info ] [ LANG ] /Users/moonvee/Project/website/Stms/thinkphp/lang/zh-cn.php
[ info ] [ LANG ] /Users/moonvee/Project/website/Stms/public/../application/lang/zh-cn.php
[ info ] [ ROUTE ] array (
  'type' => 'module',
  'module' => 
  array (
    0 => 'index',
    1 => 'student',
    2 => 'info',
  ),
)
[ info ] [ HEADER ] array (
  'cookie' => 'thinkphp_show_page_trace=0|0; PHPSESSID=d6bcf27c8efcab74c6f404b4264d6549; thinkphp_show_page_trace=0|0',
  'accept-language' => 'zh-CN,zh;q=0.9',
  'accept-encoding' => 'gzip, deflate',
  'referer' => 'http://stms.com/index/index/index.html',
  'accept' => 'text/html,application/xhtml+xml,application/xml;q=0.9,image/webp,image/apng,*/*;q=0.8',
  'user-agent' => 'Mozilla/5.0 (Macintosh; Intel Mac OS X 10_13_6) AppleWebKit/537.36 (KHTML, like Gecko) Chrome/69.0.3497.100 Safari/537.36',
  'upgrade-insecure-requests' => '1',
  'connection' => 'keep-alive',
  'host' => 'stms.com',
)
[ info ] [ PARAM ] array (
)
[ info ] [ SESSION ] INIT array (
  'id' => '',
  'var_session_id' => '',
  'prefix' => 'think',
  'type' => '',
  'auto_start' => true,
)
[ info ] [ RUN ] app\index\controller\Student->info[ /Users/moonvee/Project/website/Stms/application/index/controller/Student.php ]
[ info ] [ DB ] INIT mysql
[ info ] [ VIEW ] /Users/moonvee/Project/website/Stms/public/../application/index/view/student/stu_info.html [ array (
  0 => 'studentList',
  1 => 'title',
) ]
[ info ] [ LOG ] INIT File
[ sql ] [ DB ] CONNECT:[ UseTime:0.000544s ] mysql:dbname=stms;host=127.0.0.1;port=3306;charset=utf8
[ sql ] [ SQL ] SHOW COLUMNS FROM `tp_info_s` [ RunTime:0.002320s ]
[ sql ] [ SQL ] SELECT * FROM `tp_info_s` WHERE  `sid` = '2015984120317' LIMIT 1 [ RunTime:0.000849s ]

---------------------------------------------------------------
[ 2018-10-19T07:59:33+08:00 ] ::1 ::1 POST /index/student/infoedit.html
[ log ] stms.com/index/student/infoedit.html [运行时间：0.094041s][吞吐率：10.63req/s] [内存消耗：2,481.86kb] [文件加载：60]
[ info ] [ LANG ] /Users/moonvee/Project/website/Stms/thinkphp/lang/zh-cn.php
[ info ] [ LANG ] /Users/moonvee/Project/website/Stms/public/../application/lang/zh-cn.php
[ info ] [ ROUTE ] array (
  'type' => 'module',
  'module' => 
  array (
    0 => 'index',
    1 => 'student',
    2 => 'infoedit',
  ),
)
[ info ] [ HEADER ] array (
  'cookie' => 'thinkphp_show_page_trace=0|0; PHPSESSID=d6bcf27c8efcab74c6f404b4264d6549; thinkphp_show_page_trace=0|0',
  'accept-language' => 'zh-CN,zh;q=0.9',
  'accept-encoding' => 'gzip, deflate',
  'referer' => 'http://stms.com/index/student/info.html',
  'user-agent' => 'Mozilla/5.0 (Macintosh; Intel Mac OS X 10_13_6) AppleWebKit/537.36 (KHTML, like Gecko) Chrome/69.0.3497.100 Safari/537.36',
  'x-requested-with' => 'XMLHttpRequest',
  'origin' => 'http://stms.com',
  'accept' => '*/*',
  'content-length' => '0',
  'connection' => 'keep-alive',
  'host' => 'stms.com',
)
[ info ] [ PARAM ] array (
)
[ info ] [ SESSION ] INIT array (
  'id' => '',
  'var_session_id' => '',
  'prefix' => 'think',
  'type' => '',
  'auto_start' => true,
)
[ info ] [ RUN ] app\index\controller\Student->infoEdit[ /Users/moonvee/Project/website/Stms/application/index/controller/Student.php ]
[ info ] [ DB ] INIT mysql
[ info ] [ VIEW ] /Users/moonvee/Project/website/Stms/public/../application/index/view/student/info_edit.html [ array (
  0 => 'stu_info',
  1 => 'title',
) ]
[ info ] [ LOG ] INIT File
[ sql ] [ DB ] CONNECT:[ UseTime:0.000840s ] mysql:dbname=stms;host=127.0.0.1;port=3306;charset=utf8
[ sql ] [ SQL ] SHOW COLUMNS FROM `tp_info_s` [ RunTime:0.002730s ]
[ sql ] [ SQL ] SELECT * FROM `tp_info_s` LIMIT 1 [ RunTime:0.000924s ]

---------------------------------------------------------------
[ 2018-10-19T07:59:33+08:00 ] ::1 ::1 GET /index/student/infoedit.html
[ log ] stms.com/index/student/infoedit.html [运行时间：0.106042s][吞吐率：9.43req/s] [内存消耗：2,524.84kb] [文件加载：61]
[ info ] [ LANG ] /Users/moonvee/Project/website/Stms/thinkphp/lang/zh-cn.php
[ info ] [ LANG ] /Users/moonvee/Project/website/Stms/public/../application/lang/zh-cn.php
[ info ] [ ROUTE ] array (
  'type' => 'module',
  'module' => 
  array (
    0 => 'index',
    1 => 'student',
    2 => 'infoedit',
  ),
)
[ info ] [ HEADER ] array (
  'cookie' => 'thinkphp_show_page_trace=0|0; PHPSESSID=d6bcf27c8efcab74c6f404b4264d6549; thinkphp_show_page_trace=0|0',
  'accept-language' => 'zh-CN,zh;q=0.9',
  'accept-encoding' => 'gzip, deflate',
  'referer' => 'http://stms.com/index/student/info.html',
  'accept' => 'text/html,application/xhtml+xml,application/xml;q=0.9,image/webp,image/apng,*/*;q=0.8',
  'user-agent' => 'Mozilla/5.0 (Macintosh; Intel Mac OS X 10_13_6) AppleWebKit/537.36 (KHTML, like Gecko) Chrome/69.0.3497.100 Safari/537.36',
  'upgrade-insecure-requests' => '1',
  'connection' => 'keep-alive',
  'host' => 'stms.com',
)
[ info ] [ PARAM ] array (
)
[ info ] [ SESSION ] INIT array (
  'id' => '',
  'var_session_id' => '',
  'prefix' => 'think',
  'type' => '',
  'auto_start' => true,
)
[ info ] [ RUN ] app\index\controller\Student->infoEdit[ /Users/moonvee/Project/website/Stms/application/index/controller/Student.php ]
[ info ] [ DB ] INIT mysql
[ info ] [ VIEW ] /Users/moonvee/Project/website/Stms/public/../application/index/view/student/info_edit.html [ array (
  0 => 'stu_info',
  1 => 'title',
) ]
[ info ] [ LOG ] INIT File
[ sql ] [ DB ] CONNECT:[ UseTime:0.000857s ] mysql:dbname=stms;host=127.0.0.1;port=3306;charset=utf8
[ sql ] [ SQL ] SHOW COLUMNS FROM `tp_info_s` [ RunTime:0.004484s ]
[ sql ] [ SQL ] SELECT * FROM `tp_info_s` LIMIT 1 [ RunTime:0.000597s ]

---------------------------------------------------------------
