[ 2018-10-31T15:17:22+08:00 ] ::1 ::1 GET /
[ log ] stms.com/ [运行时间：0.093855s][吞吐率：10.65req/s] [内存消耗：1,576.16kb] [文件加载：55]
[ info ] [ LANG ] /Users/moonvee/Project/website/Stms/thinkphp/lang/zh-cn.php
[ info ] [ LANG ] /Users/moonvee/Project/website/Stms/public/../application/lang/zh-cn.php
[ info ] [ ROUTE ] array (
  'type' => 'module',
  'module' => 
  array (
    0 => '',
    1 => NULL,
    2 => NULL,
  ),
)
[ info ] [ HEADER ] array (
  'accept-language' => 'zh-CN,zh;q=0.9',
  'accept-encoding' => 'gzip, deflate',
  'accept' => 'text/html,application/xhtml+xml,application/xml;q=0.9,image/webp,image/apng,*/*;q=0.8',
  'user-agent' => 'Mozilla/5.0 (Macintosh; Intel Mac OS X 10_13_6) AppleWebKit/537.36 (KHTML, like Gecko) Chrome/70.0.3538.77 Safari/537.36',
  'upgrade-insecure-requests' => '1',
  'connection' => 'keep-alive',
  'host' => 'stms.com',
)
[ info ] [ PARAM ] array (
)
[ info ] [ SESSION ] INIT array (
  'id' => '',
  'var_session_id' => '',
  'prefix' => 'think',
  'type' => '',
  'auto_start' => true,
)
[ info ] [ RUN ] app\index\controller\Index->index[ /Users/moonvee/Project/website/Stms/application/index/controller/Index.php ]
[ info ] [ VIEW ] /Users/moonvee/Project/website/Stms/thinkphp/tpl/dispatch_jump.tpl [ array (
  0 => 'code',
  1 => 'msg',
  2 => 'data',
  3 => 'url',
  4 => 'wait',
) ]
[ info ] [ LOG ] INIT File

---------------------------------------------------------------
[ 2018-10-31T15:17:25+08:00 ] ::1 ::1 GET /index/user/login.html
[ log ] stms.com/index/user/login.html [运行时间：0.064079s][吞吐率：15.61req/s] [内存消耗：1,591.88kb] [文件加载：54]
[ info ] [ LANG ] /Users/moonvee/Project/website/Stms/thinkphp/lang/zh-cn.php
[ info ] [ LANG ] /Users/moonvee/Project/website/Stms/public/../application/lang/zh-cn.php
[ info ] [ ROUTE ] array (
  'type' => 'module',
  'module' => 
  array (
    0 => 'index',
    1 => 'user',
    2 => 'login',
  ),
)
[ info ] [ HEADER ] array (
  'cookie' => 'PHPSESSID=968c6053c34837291c3fe0fde3cc9e73; thinkphp_show_page_trace=0|0',
  'accept-language' => 'zh-CN,zh;q=0.9',
  'accept-encoding' => 'gzip, deflate',
  'referer' => 'http://stms.com/',
  'accept' => 'text/html,application/xhtml+xml,application/xml;q=0.9,image/webp,image/apng,*/*;q=0.8',
  'user-agent' => 'Mozilla/5.0 (Macintosh; Intel Mac OS X 10_13_6) AppleWebKit/537.36 (KHTML, like Gecko) Chrome/70.0.3538.77 Safari/537.36',
  'upgrade-insecure-requests' => '1',
  'connection' => 'keep-alive',
  'host' => 'stms.com',
)
[ info ] [ PARAM ] array (
)
[ info ] [ SESSION ] INIT array (
  'id' => '',
  'var_session_id' => '',
  'prefix' => 'think',
  'type' => '',
  'auto_start' => true,
)
[ info ] [ RUN ] app\index\controller\User->login[ /Users/moonvee/Project/website/Stms/application/index/controller/User.php ]
[ info ] [ VIEW ] /Users/moonvee/Project/website/Stms/public/../application/index/view/user/login.html [ array (
) ]
[ info ] [ LOG ] INIT File

---------------------------------------------------------------
[ 2018-10-31T15:17:25+08:00 ] ::1 ::1 GET /captcha.html
[ log ] stms.com/captcha.html [运行时间：0.220438s][吞吐率：4.54req/s] [内存消耗：1,210.16kb] [文件加载：42]
[ info ] [ LANG ] /Users/moonvee/Project/website/Stms/thinkphp/lang/zh-cn.php
[ info ] [ LANG ] /Users/moonvee/Project/website/Stms/public/../application/lang/zh-cn.php
[ info ] [ ROUTE ] array (
  'type' => 'method',
  'method' => 
  array (
    0 => '\\think\\captcha\\CaptchaController',
    1 => 'index',
  ),
  'var' => 
  array (
  ),
)
[ info ] [ HEADER ] array (
  'cookie' => 'PHPSESSID=968c6053c34837291c3fe0fde3cc9e73; thinkphp_show_page_trace=0|0',
  'accept-language' => 'zh-CN,zh;q=0.9',
  'accept-encoding' => 'gzip, deflate',
  'referer' => 'http://stms.com/index/user/login.html',
  'accept' => 'image/webp,image/apng,image/*,*/*;q=0.8',
  'user-agent' => 'Mozilla/5.0 (Macintosh; Intel Mac OS X 10_13_6) AppleWebKit/537.36 (KHTML, like Gecko) Chrome/70.0.3538.77 Safari/537.36',
  'connection' => 'keep-alive',
  'host' => 'stms.com',
)
[ info ] [ PARAM ] array (
  'id' => '',
)
[ info ] [ RUN ] think\captcha\CaptchaController->index[ /Users/moonvee/Project/website/Stms/vendor/topthink/think-captcha/src/CaptchaController.php ]
[ info ] [ SESSION ] INIT array (
  'id' => '',
  'var_session_id' => '',
  'prefix' => 'think',
  'type' => '',
  'auto_start' => true,
)
[ info ] [ LOG ] INIT File

---------------------------------------------------------------
[ 2018-10-31T15:17:31+08:00 ] ::1 ::1 POST /index/user/checklogin.html
[ log ] stms.com/index/user/checklogin.html [运行时间：0.203109s][吞吐率：4.92req/s] [内存消耗：2,381.05kb] [文件加载：58]
[ info ] [ LANG ] /Users/moonvee/Project/website/Stms/thinkphp/lang/zh-cn.php
[ info ] [ LANG ] /Users/moonvee/Project/website/Stms/public/../application/lang/zh-cn.php
[ info ] [ ROUTE ] array (
  'type' => 'module',
  'module' => 
  array (
    0 => 'index',
    1 => 'user',
    2 => 'checklogin',
  ),
)
[ info ] [ HEADER ] array (
  'cookie' => 'thinkphp_show_page_trace=0|0; PHPSESSID=968c6053c34837291c3fe0fde3cc9e73; thinkphp_show_page_trace=0|0',
  'accept-language' => 'zh-CN,zh;q=0.9',
  'accept-encoding' => 'gzip, deflate',
  'referer' => 'http://stms.com/index/user/login.html',
  'content-type' => 'application/x-www-form-urlencoded; charset=UTF-8',
  'user-agent' => 'Mozilla/5.0 (Macintosh; Intel Mac OS X 10_13_6) AppleWebKit/537.36 (KHTML, like Gecko) Chrome/70.0.3538.77 Safari/537.36',
  'x-requested-with' => 'XMLHttpRequest',
  'origin' => 'http://stms.com',
  'accept' => 'application/json, text/javascript, */*; q=0.01',
  'content-length' => '37',
  'connection' => 'keep-alive',
  'host' => 'stms.com',
)
[ info ] [ PARAM ] array (
  'sid' => '10001',
  'password' => '123456',
  'verify' => '7388',
)
[ info ] [ SESSION ] INIT array (
  'id' => '',
  'var_session_id' => '',
  'prefix' => 'think',
  'type' => '',
  'auto_start' => true,
)
[ info ] [ RUN ] app\index\controller\User->checkLogin[ /Users/moonvee/Project/website/Stms/application/index/controller/User.php ]
[ info ] [ DB ] INIT mysql
[ info ] [ LOG ] INIT File
[ sql ] [ DB ] CONNECT:[ UseTime:0.032562s ] mysql:dbname=stms;host=127.0.0.1;port=3306;charset=utf8
[ sql ] [ SQL ] SHOW COLUMNS FROM `tp_info_s` [ RunTime:0.024520s ]
[ sql ] [ SQL ] SELECT * FROM `tp_info_s` WHERE  `sid` = '10001' LIMIT 1 [ RunTime:0.009084s ]

---------------------------------------------------------------
[ 2018-10-31T15:17:31+08:00 ] ::1 ::1 GET /captcha?id=1540970251
[ log ] stms.com/captcha?id=1540970251 [运行时间：0.049573s][吞吐率：20.17req/s] [内存消耗：1,210.86kb] [文件加载：42]
[ info ] [ LANG ] /Users/moonvee/Project/website/Stms/thinkphp/lang/zh-cn.php
[ info ] [ LANG ] /Users/moonvee/Project/website/Stms/public/../application/lang/zh-cn.php
[ info ] [ ROUTE ] array (
  'type' => 'method',
  'method' => 
  array (
    0 => '\\think\\captcha\\CaptchaController',
    1 => 'index',
  ),
  'var' => 
  array (
  ),
)
[ info ] [ HEADER ] array (
  'cookie' => 'PHPSESSID=968c6053c34837291c3fe0fde3cc9e73; thinkphp_show_page_trace=0|0',
  'accept-language' => 'zh-CN,zh;q=0.9',
  'accept-encoding' => 'gzip, deflate',
  'referer' => 'http://stms.com/index/user/login.html',
  'accept' => 'image/webp,image/apng,image/*,*/*;q=0.8',
  'user-agent' => 'Mozilla/5.0 (Macintosh; Intel Mac OS X 10_13_6) AppleWebKit/537.36 (KHTML, like Gecko) Chrome/70.0.3538.77 Safari/537.36',
  'connection' => 'keep-alive',
  'host' => 'stms.com',
)
[ info ] [ PARAM ] array (
  'id' => '',
)
[ info ] [ RUN ] think\captcha\CaptchaController->index[ /Users/moonvee/Project/website/Stms/vendor/topthink/think-captcha/src/CaptchaController.php ]
[ info ] [ SESSION ] INIT array (
  'id' => '',
  'var_session_id' => '',
  'prefix' => 'think',
  'type' => '',
  'auto_start' => true,
)
[ info ] [ LOG ] INIT File

---------------------------------------------------------------
[ 2018-10-31T15:17:34+08:00 ] ::1 ::1 GET /teacher/user/login.html
[ log ] stms.com/teacher/user/login.html [运行时间：0.056437s][吞吐率：17.72req/s] [内存消耗：1,584.29kb] [文件加载：55]
[ info ] [ LANG ] /Users/moonvee/Project/website/Stms/thinkphp/lang/zh-cn.php
[ info ] [ LANG ] /Users/moonvee/Project/website/Stms/public/../application/lang/zh-cn.php
[ info ] [ ROUTE ] array (
  'type' => 'module',
  'module' => 
  array (
    0 => 'teacher',
    1 => 'user',
    2 => 'login',
  ),
)
[ info ] [ HEADER ] array (
  'cookie' => 'PHPSESSID=968c6053c34837291c3fe0fde3cc9e73; thinkphp_show_page_trace=0|0',
  'accept-language' => 'zh-CN,zh;q=0.9',
  'accept-encoding' => 'gzip, deflate',
  'referer' => 'http://stms.com/index/user/login.html',
  'accept' => 'text/html,application/xhtml+xml,application/xml;q=0.9,image/webp,image/apng,*/*;q=0.8',
  'user-agent' => 'Mozilla/5.0 (Macintosh; Intel Mac OS X 10_13_6) AppleWebKit/537.36 (KHTML, like Gecko) Chrome/70.0.3538.77 Safari/537.36',
  'upgrade-insecure-requests' => '1',
  'connection' => 'keep-alive',
  'host' => 'stms.com',
)
[ info ] [ PARAM ] array (
)
[ info ] [ SESSION ] INIT array (
  'id' => '',
  'var_session_id' => '',
  'prefix' => 'think',
  'type' => '',
  'auto_start' => true,
)
[ info ] [ RUN ] app\teacher\controller\User->login[ /Users/moonvee/Project/website/Stms/application/teacher/controller/User.php ]
[ info ] [ VIEW ] /Users/moonvee/Project/website/Stms/public/../application/teacher/view/user/login.html [ array (
) ]
[ info ] [ LOG ] INIT File

---------------------------------------------------------------
[ 2018-10-31T15:17:34+08:00 ] ::1 ::1 GET /captcha.html
[ log ] stms.com/captcha.html [运行时间：0.129179s][吞吐率：7.74req/s] [内存消耗：1,210.31kb] [文件加载：42]
[ info ] [ LANG ] /Users/moonvee/Project/website/Stms/thinkphp/lang/zh-cn.php
[ info ] [ LANG ] /Users/moonvee/Project/website/Stms/public/../application/lang/zh-cn.php
[ info ] [ ROUTE ] array (
  'type' => 'method',
  'method' => 
  array (
    0 => '\\think\\captcha\\CaptchaController',
    1 => 'index',
  ),
  'var' => 
  array (
  ),
)
[ info ] [ HEADER ] array (
  'cookie' => 'PHPSESSID=968c6053c34837291c3fe0fde3cc9e73; thinkphp_show_page_trace=0|0',
  'accept-language' => 'zh-CN,zh;q=0.9',
  'accept-encoding' => 'gzip, deflate',
  'referer' => 'http://stms.com/teacher/user/login.html',
  'accept' => 'image/webp,image/apng,image/*,*/*;q=0.8',
  'user-agent' => 'Mozilla/5.0 (Macintosh; Intel Mac OS X 10_13_6) AppleWebKit/537.36 (KHTML, like Gecko) Chrome/70.0.3538.77 Safari/537.36',
  'connection' => 'keep-alive',
  'host' => 'stms.com',
)
[ info ] [ PARAM ] array (
  'id' => '',
)
[ info ] [ RUN ] think\captcha\CaptchaController->index[ /Users/moonvee/Project/website/Stms/vendor/topthink/think-captcha/src/CaptchaController.php ]
[ info ] [ SESSION ] INIT array (
  'id' => '',
  'var_session_id' => '',
  'prefix' => 'think',
  'type' => '',
  'auto_start' => true,
)
[ info ] [ LOG ] INIT File

---------------------------------------------------------------
[ 2018-10-31T15:17:41+08:00 ] ::1 ::1 POST /teacher/user/checklogin.html
[ log ] stms.com/teacher/user/checklogin.html [运行时间：0.044641s][吞吐率：22.40req/s] [内存消耗：2,422.07kb] [文件加载：60]
[ info ] [ LANG ] /Users/moonvee/Project/website/Stms/thinkphp/lang/zh-cn.php
[ info ] [ LANG ] /Users/moonvee/Project/website/Stms/public/../application/lang/zh-cn.php
[ info ] [ ROUTE ] array (
  'type' => 'module',
  'module' => 
  array (
    0 => 'teacher',
    1 => 'user',
    2 => 'checklogin',
  ),
)
[ info ] [ HEADER ] array (
  'cookie' => 'thinkphp_show_page_trace=0|0; PHPSESSID=968c6053c34837291c3fe0fde3cc9e73; thinkphp_show_page_trace=0|0',
  'accept-language' => 'zh-CN,zh;q=0.9',
  'accept-encoding' => 'gzip, deflate',
  'referer' => 'http://stms.com/teacher/user/login.html',
  'content-type' => 'application/x-www-form-urlencoded; charset=UTF-8',
  'user-agent' => 'Mozilla/5.0 (Macintosh; Intel Mac OS X 10_13_6) AppleWebKit/537.36 (KHTML, like Gecko) Chrome/70.0.3538.77 Safari/537.36',
  'x-requested-with' => 'XMLHttpRequest',
  'origin' => 'http://stms.com',
  'accept' => 'application/json, text/javascript, */*; q=0.01',
  'content-length' => '37',
  'connection' => 'keep-alive',
  'host' => 'stms.com',
)
[ info ] [ PARAM ] array (
  'tid' => '10001',
  'password' => '123456',
  'verify' => '5332',
)
[ info ] [ SESSION ] INIT array (
  'id' => '',
  'var_session_id' => '',
  'prefix' => 'think',
  'type' => '',
  'auto_start' => true,
)
[ info ] [ RUN ] app\teacher\controller\User->checkLogin[ /Users/moonvee/Project/website/Stms/application/teacher/controller/User.php ]
[ info ] [ DB ] INIT mysql
[ info ] [ LOG ] INIT File
[ sql ] [ DB ] CONNECT:[ UseTime:0.000586s ] mysql:dbname=stms;host=127.0.0.1;port=3306;charset=utf8
[ sql ] [ SQL ] SHOW COLUMNS FROM `tp_info_t` [ RunTime:0.003107s ]
[ sql ] [ SQL ] SELECT * FROM `tp_info_t` WHERE  `tid` = '10001'  AND `password` = 'e10adc3949ba59abbe56e057f20f883e' LIMIT 1 [ RunTime:0.000830s ]

---------------------------------------------------------------
[ 2018-10-31T15:17:41+08:00 ] ::1 ::1 GET /teacher/index/index.html
[ log ] stms.com/teacher/index/index.html [运行时间：0.038147s][吞吐率：26.21req/s] [内存消耗：1,580.65kb] [文件加载：55]
[ info ] [ LANG ] /Users/moonvee/Project/website/Stms/thinkphp/lang/zh-cn.php
[ info ] [ LANG ] /Users/moonvee/Project/website/Stms/public/../application/lang/zh-cn.php
[ info ] [ ROUTE ] array (
  'type' => 'module',
  'module' => 
  array (
    0 => 'teacher',
    1 => 'index',
    2 => 'index',
  ),
)
[ info ] [ HEADER ] array (
  'cookie' => 'PHPSESSID=968c6053c34837291c3fe0fde3cc9e73; thinkphp_show_page_trace=0|0',
  'accept-language' => 'zh-CN,zh;q=0.9',
  'accept-encoding' => 'gzip, deflate',
  'referer' => 'http://stms.com/teacher/user/login.html',
  'accept' => 'text/html,application/xhtml+xml,application/xml;q=0.9,image/webp,image/apng,*/*;q=0.8',
  'user-agent' => 'Mozilla/5.0 (Macintosh; Intel Mac OS X 10_13_6) AppleWebKit/537.36 (KHTML, like Gecko) Chrome/70.0.3538.77 Safari/537.36',
  'upgrade-insecure-requests' => '1',
  'connection' => 'keep-alive',
  'host' => 'stms.com',
)
[ info ] [ PARAM ] array (
)
[ info ] [ SESSION ] INIT array (
  'id' => '',
  'var_session_id' => '',
  'prefix' => 'think',
  'type' => '',
  'auto_start' => true,
)
[ info ] [ RUN ] app\teacher\controller\Index->index[ /Users/moonvee/Project/website/Stms/application/teacher/controller/Index.php ]
[ info ] [ VIEW ] /Users/moonvee/Project/website/Stms/public/../application/teacher/view/index/index.html [ array (
) ]
[ info ] [ LOG ] INIT File

---------------------------------------------------------------
[ 2018-10-31T15:17:41+08:00 ] ::1 ::1 GET /teacher/index/welcome.html
[ log ] stms.com/teacher/index/welcome.html [运行时间：0.068495s][吞吐率：14.60req/s] [内存消耗：1,527.66kb] [文件加载：54]
[ info ] [ LANG ] /Users/moonvee/Project/website/Stms/thinkphp/lang/zh-cn.php
[ info ] [ LANG ] /Users/moonvee/Project/website/Stms/public/../application/lang/zh-cn.php
[ info ] [ ROUTE ] array (
  'type' => 'module',
  'module' => 
  array (
    0 => 'teacher',
    1 => 'index',
    2 => 'welcome',
  ),
)
[ info ] [ HEADER ] array (
  'cookie' => 'PHPSESSID=968c6053c34837291c3fe0fde3cc9e73; thinkphp_show_page_trace=0|0',
  'accept-language' => 'zh-CN,zh;q=0.9',
  'accept-encoding' => 'gzip, deflate',
  'referer' => 'http://stms.com/teacher/index/index.html',
  'accept' => 'text/html,application/xhtml+xml,application/xml;q=0.9,image/webp,image/apng,*/*;q=0.8',
  'user-agent' => 'Mozilla/5.0 (Macintosh; Intel Mac OS X 10_13_6) AppleWebKit/537.36 (KHTML, like Gecko) Chrome/70.0.3538.77 Safari/537.36',
  'upgrade-insecure-requests' => '1',
  'connection' => 'keep-alive',
  'host' => 'stms.com',
)
[ info ] [ PARAM ] array (
)
[ info ] [ SESSION ] INIT array (
  'id' => '',
  'var_session_id' => '',
  'prefix' => 'think',
  'type' => '',
  'auto_start' => true,
)
[ info ] [ RUN ] app\teacher\controller\Index->welcome[ /Users/moonvee/Project/website/Stms/application/teacher/controller/Index.php ]
[ info ] [ VIEW ] /Users/moonvee/Project/website/Stms/public/../application/teacher/view/index/welcome.html [ array (
) ]
[ info ] [ LOG ] INIT File

---------------------------------------------------------------
[ 2018-10-31T15:17:44+08:00 ] ::1 ::1 GET /teacher/teacher/testup.html
[ log ] stms.com/teacher/teacher/testup.html [运行时间：0.083171s][吞吐率：12.02req/s] [内存消耗：2,526.26kb] [文件加载：62]
[ info ] [ LANG ] /Users/moonvee/Project/website/Stms/thinkphp/lang/zh-cn.php
[ info ] [ LANG ] /Users/moonvee/Project/website/Stms/public/../application/lang/zh-cn.php
[ info ] [ ROUTE ] array (
  'type' => 'module',
  'module' => 
  array (
    0 => 'teacher',
    1 => 'teacher',
    2 => 'testup',
  ),
)
[ info ] [ HEADER ] array (
  'cookie' => 'PHPSESSID=968c6053c34837291c3fe0fde3cc9e73; thinkphp_show_page_trace=0|0',
  'accept-language' => 'zh-CN,zh;q=0.9',
  'accept-encoding' => 'gzip, deflate',
  'referer' => 'http://stms.com/teacher/index/index.html',
  'accept' => 'text/html,application/xhtml+xml,application/xml;q=0.9,image/webp,image/apng,*/*;q=0.8',
  'user-agent' => 'Mozilla/5.0 (Macintosh; Intel Mac OS X 10_13_6) AppleWebKit/537.36 (KHTML, like Gecko) Chrome/70.0.3538.77 Safari/537.36',
  'upgrade-insecure-requests' => '1',
  'connection' => 'keep-alive',
  'host' => 'stms.com',
)
[ info ] [ PARAM ] array (
)
[ info ] [ SESSION ] INIT array (
  'id' => '',
  'var_session_id' => '',
  'prefix' => 'think',
  'type' => '',
  'auto_start' => true,
)
[ info ] [ RUN ] app\teacher\controller\Teacher->testUp[ /Users/moonvee/Project/website/Stms/application/teacher/controller/Teacher.php ]
[ info ] [ DB ] INIT mysql
[ info ] [ VIEW ] /Users/moonvee/Project/website/Stms/public/../application/teacher/view/teacher/test_up.html [ array (
  0 => 'testList',
  1 => 'title',
) ]
[ info ] [ LOG ] INIT File
[ sql ] [ DB ] CONNECT:[ UseTime:0.000803s ] mysql:dbname=stms;host=127.0.0.1;port=3306;charset=utf8
[ sql ] [ SQL ] SHOW COLUMNS FROM `tp_test_t` [ RunTime:0.003160s ]
[ sql ] [ SQL ] SELECT * FROM `tp_test_t` WHERE  `tid` = '10001' ORDER BY id desc [ RunTime:0.001623s ]

---------------------------------------------------------------
[ 2018-10-31T15:17:46+08:00 ] ::1 ::1 GET /teacher/teacher/stulist.html
[ log ] stms.com/teacher/teacher/stulist.html [运行时间：0.119769s][吞吐率：8.35req/s] [内存消耗：2,409.38kb] [文件加载：64]
[ info ] [ LANG ] /Users/moonvee/Project/website/Stms/thinkphp/lang/zh-cn.php
[ info ] [ LANG ] /Users/moonvee/Project/website/Stms/public/../application/lang/zh-cn.php
[ info ] [ ROUTE ] array (
  'type' => 'module',
  'module' => 
  array (
    0 => 'teacher',
    1 => 'teacher',
    2 => 'stulist',
  ),
)
[ info ] [ HEADER ] array (
  'cookie' => 'thinkphp_show_page_trace=0|0; cid=30; PHPSESSID=968c6053c34837291c3fe0fde3cc9e73; thinkphp_show_page_trace=0|0',
  'accept-language' => 'zh-CN,zh;q=0.9',
  'accept-encoding' => 'gzip, deflate',
  'referer' => 'http://stms.com/teacher/teacher/testup.html',
  'accept' => 'text/html,application/xhtml+xml,application/xml;q=0.9,image/webp,image/apng,*/*;q=0.8',
  'user-agent' => 'Mozilla/5.0 (Macintosh; Intel Mac OS X 10_13_6) AppleWebKit/537.36 (KHTML, like Gecko) Chrome/70.0.3538.77 Safari/537.36',
  'upgrade-insecure-requests' => '1',
  'connection' => 'keep-alive',
  'host' => 'stms.com',
)
[ info ] [ PARAM ] array (
)
[ info ] [ SESSION ] INIT array (
  'id' => '',
  'var_session_id' => '',
  'prefix' => 'think',
  'type' => '',
  'auto_start' => true,
)
[ info ] [ RUN ] app\teacher\controller\Teacher->stuList[ /Users/moonvee/Project/website/Stms/application/teacher/controller/Teacher.php ]
[ info ] [ DB ] INIT mysql
[ info ] [ VIEW ] /Users/moonvee/Project/website/Stms/public/../application/teacher/view/teacher/stu_list.html [ array (
  0 => 'id',
  1 => 'testList',
  2 => 'title',
) ]
[ info ] [ LOG ] INIT File
[ sql ] [ DB ] CONNECT:[ UseTime:0.000642s ] mysql:dbname=stms;host=127.0.0.1;port=3306;charset=utf8
[ sql ] [ SQL ] SHOW COLUMNS FROM `tp_test_s` [ RunTime:0.003651s ]
[ sql ] [ SQL ] SELECT * FROM `tp_test_s` WHERE  `cid` = 30 ORDER BY `id`  desc [ RunTime:0.001714s ]
[ sql ] [ SQL ] SELECT COUNT(*) AS tp_count FROM `tp_test_s` WHERE  `cid` = 30 LIMIT 1 [ RunTime:0.004433s ]
[ sql ] [ SQL ] SELECT * FROM `tp_test_s` WHERE  `cid` = 30 LIMIT 0,10 [ RunTime:0.000798s ]

---------------------------------------------------------------
[ 2018-10-31T15:17:48+08:00 ] ::1 ::1 GET /teacher/teacher/seestuscore.html
[ log ] stms.com/teacher/teacher/seestuscore.html [运行时间：0.147308s][吞吐率：6.79req/s] [内存消耗：2,301.81kb] [文件加载：60]
[ info ] [ LANG ] /Users/moonvee/Project/website/Stms/thinkphp/lang/zh-cn.php
[ info ] [ LANG ] /Users/moonvee/Project/website/Stms/public/../application/lang/zh-cn.php
[ info ] [ ROUTE ] array (
  'type' => 'module',
  'module' => 
  array (
    0 => 'teacher',
    1 => 'teacher',
    2 => 'seestuscore',
  ),
)
[ info ] [ HEADER ] array (
  'cookie' => 'thinkphp_show_page_trace=0|0; cid=30; oid=12; PHPSESSID=968c6053c34837291c3fe0fde3cc9e73; thinkphp_show_page_trace=0|0',
  'accept-language' => 'zh-CN,zh;q=0.9',
  'accept-encoding' => 'gzip, deflate',
  'referer' => 'http://stms.com/teacher/teacher/stulist.html',
  'accept' => 'text/html,application/xhtml+xml,application/xml;q=0.9,image/webp,image/apng,*/*;q=0.8',
  'user-agent' => 'Mozilla/5.0 (Macintosh; Intel Mac OS X 10_13_6) AppleWebKit/537.36 (KHTML, like Gecko) Chrome/70.0.3538.77 Safari/537.36',
  'upgrade-insecure-requests' => '1',
  'connection' => 'keep-alive',
  'host' => 'stms.com',
)
[ info ] [ PARAM ] array (
)
[ info ] [ SESSION ] INIT array (
  'id' => '',
  'var_session_id' => '',
  'prefix' => 'think',
  'type' => '',
  'auto_start' => true,
)
[ info ] [ RUN ] app\teacher\controller\Teacher->seeStuScore[ /Users/moonvee/Project/website/Stms/application/teacher/controller/Teacher.php ]
[ info ] [ DB ] INIT mysql
[ info ] [ VIEW ] /Users/moonvee/Project/website/Stms/public/../application/teacher/view/teacher/stu_score.html [ array (
  0 => 'scoreList',
  1 => 'title',
  2 => 'bmiList',
) ]
[ info ] [ LOG ] INIT File
[ sql ] [ DB ] CONNECT:[ UseTime:0.001605s ] mysql:dbname=stms;host=127.0.0.1;port=3306;charset=utf8
[ sql ] [ SQL ] SHOW COLUMNS FROM `tp_test_pe` [ RunTime:0.022701s ]
[ sql ] [ SQL ] SELECT * FROM `tp_test_pe` WHERE  `id` = 12 LIMIT 1 [ RunTime:0.002557s ]
[ sql ] [ SQL ] SHOW COLUMNS FROM `tp_info_s` [ RunTime:0.017400s ]
[ sql ] [ SQL ] SELECT * FROM `tp_info_s` WHERE  `sid` = '2015984120317' LIMIT 1 [ RunTime:0.002407s ]

---------------------------------------------------------------
[ 2018-10-31T15:17:52+08:00 ] ::1 ::1 GET /teacher/teacher/addstuscore.html
[ log ] stms.com/teacher/teacher/addstuscore.html [运行时间：0.082638s][吞吐率：12.10req/s] [内存消耗：1,656.15kb] [文件加载：55]
[ info ] [ LANG ] /Users/moonvee/Project/website/Stms/thinkphp/lang/zh-cn.php
[ info ] [ LANG ] /Users/moonvee/Project/website/Stms/public/../application/lang/zh-cn.php
[ info ] [ ROUTE ] array (
  'type' => 'module',
  'module' => 
  array (
    0 => 'teacher',
    1 => 'teacher',
    2 => 'addstuscore',
  ),
)
[ info ] [ HEADER ] array (
  'cookie' => 'thinkphp_show_page_trace=0|0; cid=30; oid=12; PHPSESSID=968c6053c34837291c3fe0fde3cc9e73; thinkphp_show_page_trace=0|0',
  'accept-language' => 'zh-CN,zh;q=0.9',
  'accept-encoding' => 'gzip, deflate',
  'referer' => 'http://stms.com/teacher/teacher/stulist.html',
  'accept' => 'text/html,application/xhtml+xml,application/xml;q=0.9,image/webp,image/apng,*/*;q=0.8',
  'user-agent' => 'Mozilla/5.0 (Macintosh; Intel Mac OS X 10_13_6) AppleWebKit/537.36 (KHTML, like Gecko) Chrome/70.0.3538.77 Safari/537.36',
  'upgrade-insecure-requests' => '1',
  'connection' => 'keep-alive',
  'host' => 'stms.com',
)
[ info ] [ PARAM ] array (
)
[ info ] [ SESSION ] INIT array (
  'id' => '',
  'var_session_id' => '',
  'prefix' => 'think',
  'type' => '',
  'auto_start' => true,
)
[ info ] [ RUN ] app\teacher\controller\Teacher->addStuScore[ /Users/moonvee/Project/website/Stms/application/teacher/controller/Teacher.php ]
[ info ] [ VIEW ] /Users/moonvee/Project/website/Stms/public/../application/teacher/view/teacher/add_stu_score.html [ array (
) ]
[ info ] [ LOG ] INIT File

---------------------------------------------------------------
[ 2018-10-31T15:17:55+08:00 ] ::1 ::1 GET /teacher/teacher/seestuscore.html
[ log ] stms.com/teacher/teacher/seestuscore.html [运行时间：0.111289s][吞吐率：8.99req/s] [内存消耗：2,301.81kb] [文件加载：60]
[ info ] [ LANG ] /Users/moonvee/Project/website/Stms/thinkphp/lang/zh-cn.php
[ info ] [ LANG ] /Users/moonvee/Project/website/Stms/public/../application/lang/zh-cn.php
[ info ] [ ROUTE ] array (
  'type' => 'module',
  'module' => 
  array (
    0 => 'teacher',
    1 => 'teacher',
    2 => 'seestuscore',
  ),
)
[ info ] [ HEADER ] array (
  'cookie' => 'thinkphp_show_page_trace=0|0; cid=30; oid=12; PHPSESSID=968c6053c34837291c3fe0fde3cc9e73; thinkphp_show_page_trace=0|0',
  'accept-language' => 'zh-CN,zh;q=0.9',
  'accept-encoding' => 'gzip, deflate',
  'referer' => 'http://stms.com/teacher/teacher/stulist.html',
  'accept' => 'text/html,application/xhtml+xml,application/xml;q=0.9,image/webp,image/apng,*/*;q=0.8',
  'user-agent' => 'Mozilla/5.0 (Macintosh; Intel Mac OS X 10_13_6) AppleWebKit/537.36 (KHTML, like Gecko) Chrome/70.0.3538.77 Safari/537.36',
  'upgrade-insecure-requests' => '1',
  'connection' => 'keep-alive',
  'host' => 'stms.com',
)
[ info ] [ PARAM ] array (
)
[ info ] [ SESSION ] INIT array (
  'id' => '',
  'var_session_id' => '',
  'prefix' => 'think',
  'type' => '',
  'auto_start' => true,
)
[ info ] [ RUN ] app\teacher\controller\Teacher->seeStuScore[ /Users/moonvee/Project/website/Stms/application/teacher/controller/Teacher.php ]
[ info ] [ DB ] INIT mysql
[ info ] [ VIEW ] /Users/moonvee/Project/website/Stms/public/../application/teacher/view/teacher/stu_score.html [ array (
  0 => 'scoreList',
  1 => 'title',
  2 => 'bmiList',
) ]
[ info ] [ LOG ] INIT File
[ sql ] [ DB ] CONNECT:[ UseTime:0.001608s ] mysql:dbname=stms;host=127.0.0.1;port=3306;charset=utf8
[ sql ] [ SQL ] SHOW COLUMNS FROM `tp_test_pe` [ RunTime:0.012160s ]
[ sql ] [ SQL ] SELECT * FROM `tp_test_pe` WHERE  `id` = 12 LIMIT 1 [ RunTime:0.000868s ]
[ sql ] [ SQL ] SHOW COLUMNS FROM `tp_info_s` [ RunTime:0.010444s ]
[ sql ] [ SQL ] SELECT * FROM `tp_info_s` WHERE  `sid` = '2015984120317' LIMIT 1 [ RunTime:0.000535s ]

---------------------------------------------------------------
[ 2018-10-31T15:17:58+08:00 ] ::1 ::1 GET /teacher/teacher/addstuscore.html
[ log ] stms.com/teacher/teacher/addstuscore.html [运行时间：0.086241s][吞吐率：11.60req/s] [内存消耗：1,656.15kb] [文件加载：55]
[ info ] [ LANG ] /Users/moonvee/Project/website/Stms/thinkphp/lang/zh-cn.php
[ info ] [ LANG ] /Users/moonvee/Project/website/Stms/public/../application/lang/zh-cn.php
[ info ] [ ROUTE ] array (
  'type' => 'module',
  'module' => 
  array (
    0 => 'teacher',
    1 => 'teacher',
    2 => 'addstuscore',
  ),
)
[ info ] [ HEADER ] array (
  'cookie' => 'thinkphp_show_page_trace=0|0; cid=30; oid=12; PHPSESSID=968c6053c34837291c3fe0fde3cc9e73; thinkphp_show_page_trace=0|0',
  'accept-language' => 'zh-CN,zh;q=0.9',
  'accept-encoding' => 'gzip, deflate',
  'referer' => 'http://stms.com/teacher/teacher/stulist.html',
  'accept' => 'text/html,application/xhtml+xml,application/xml;q=0.9,image/webp,image/apng,*/*;q=0.8',
  'user-agent' => 'Mozilla/5.0 (Macintosh; Intel Mac OS X 10_13_6) AppleWebKit/537.36 (KHTML, like Gecko) Chrome/70.0.3538.77 Safari/537.36',
  'upgrade-insecure-requests' => '1',
  'connection' => 'keep-alive',
  'host' => 'stms.com',
)
[ info ] [ PARAM ] array (
)
[ info ] [ SESSION ] INIT array (
  'id' => '',
  'var_session_id' => '',
  'prefix' => 'think',
  'type' => '',
  'auto_start' => true,
)
[ info ] [ RUN ] app\teacher\controller\Teacher->addStuScore[ /Users/moonvee/Project/website/Stms/application/teacher/controller/Teacher.php ]
[ info ] [ VIEW ] /Users/moonvee/Project/website/Stms/public/../application/teacher/view/teacher/add_stu_score.html [ array (
) ]
[ info ] [ LOG ] INIT File

---------------------------------------------------------------
[ 2018-10-31T15:18:03+08:00 ] ::1 ::1 GET /teacher/teacher/seestuscore.html
[ log ] stms.com/teacher/teacher/seestuscore.html [运行时间：0.125468s][吞吐率：7.97req/s] [内存消耗：2,285.88kb] [文件加载：60]
[ info ] [ LANG ] /Users/moonvee/Project/website/Stms/thinkphp/lang/zh-cn.php
[ info ] [ LANG ] /Users/moonvee/Project/website/Stms/public/../application/lang/zh-cn.php
[ info ] [ ROUTE ] array (
  'type' => 'module',
  'module' => 
  array (
    0 => 'teacher',
    1 => 'teacher',
    2 => 'seestuscore',
  ),
)
[ info ] [ HEADER ] array (
  'cookie' => 'thinkphp_show_page_trace=0|0; cid=30; oid=0; PHPSESSID=968c6053c34837291c3fe0fde3cc9e73; thinkphp_show_page_trace=0|0',
  'accept-language' => 'zh-CN,zh;q=0.9',
  'accept-encoding' => 'gzip, deflate',
  'referer' => 'http://stms.com/teacher/teacher/stulist.html',
  'accept' => 'text/html,application/xhtml+xml,application/xml;q=0.9,image/webp,image/apng,*/*;q=0.8',
  'user-agent' => 'Mozilla/5.0 (Macintosh; Intel Mac OS X 10_13_6) AppleWebKit/537.36 (KHTML, like Gecko) Chrome/70.0.3538.77 Safari/537.36',
  'upgrade-insecure-requests' => '1',
  'connection' => 'keep-alive',
  'host' => 'stms.com',
)
[ info ] [ PARAM ] array (
)
[ info ] [ SESSION ] INIT array (
  'id' => '',
  'var_session_id' => '',
  'prefix' => 'think',
  'type' => '',
  'auto_start' => true,
)
[ info ] [ RUN ] app\teacher\controller\Teacher->seeStuScore[ /Users/moonvee/Project/website/Stms/application/teacher/controller/Teacher.php ]
[ info ] [ DB ] INIT mysql
[ info ] [ VIEW ] /Users/moonvee/Project/website/Stms/public/../application/teacher/view/teacher/stu_score0.html [ array (
) ]
[ info ] [ LOG ] INIT File
[ sql ] [ DB ] CONNECT:[ UseTime:0.001837s ] mysql:dbname=stms;host=127.0.0.1;port=3306;charset=utf8
[ sql ] [ SQL ] SHOW COLUMNS FROM `tp_test_pe` [ RunTime:0.006849s ]
[ sql ] [ SQL ] SELECT * FROM `tp_test_pe` WHERE  `id` = 0 LIMIT 1 [ RunTime:0.001278s ]

---------------------------------------------------------------
[ 2018-10-31T15:18:06+08:00 ] ::1 ::1 GET /teacher/teacher/addstuscore.html
[ log ] stms.com/teacher/teacher/addstuscore.html [运行时间：0.090146s][吞吐率：11.09req/s] [内存消耗：1,656.15kb] [文件加载：55]
[ info ] [ LANG ] /Users/moonvee/Project/website/Stms/thinkphp/lang/zh-cn.php
[ info ] [ LANG ] /Users/moonvee/Project/website/Stms/public/../application/lang/zh-cn.php
[ info ] [ ROUTE ] array (
  'type' => 'module',
  'module' => 
  array (
    0 => 'teacher',
    1 => 'teacher',
    2 => 'addstuscore',
  ),
)
[ info ] [ HEADER ] array (
  'cookie' => 'thinkphp_show_page_trace=0|0; cid=30; oid=0; PHPSESSID=968c6053c34837291c3fe0fde3cc9e73; thinkphp_show_page_trace=0|0',
  'accept-language' => 'zh-CN,zh;q=0.9',
  'accept-encoding' => 'gzip, deflate',
  'referer' => 'http://stms.com/teacher/teacher/stulist.html',
  'accept' => 'text/html,application/xhtml+xml,application/xml;q=0.9,image/webp,image/apng,*/*;q=0.8',
  'user-agent' => 'Mozilla/5.0 (Macintosh; Intel Mac OS X 10_13_6) AppleWebKit/537.36 (KHTML, like Gecko) Chrome/70.0.3538.77 Safari/537.36',
  'upgrade-insecure-requests' => '1',
  'connection' => 'keep-alive',
  'host' => 'stms.com',
)
[ info ] [ PARAM ] array (
)
[ info ] [ SESSION ] INIT array (
  'id' => '',
  'var_session_id' => '',
  'prefix' => 'think',
  'type' => '',
  'auto_start' => true,
)
[ info ] [ RUN ] app\teacher\controller\Teacher->addStuScore[ /Users/moonvee/Project/website/Stms/application/teacher/controller/Teacher.php ]
[ info ] [ VIEW ] /Users/moonvee/Project/website/Stms/public/../application/teacher/view/teacher/add_stu_score.html [ array (
) ]
[ info ] [ LOG ] INIT File

---------------------------------------------------------------
[ 2018-10-31T15:18:10+08:00 ] ::1 ::1 GET /teacher/teacher/seestuscore.html
[ log ] stms.com/teacher/teacher/seestuscore.html [运行时间：0.143610s][吞吐率：6.96req/s] [内存消耗：2,285.88kb] [文件加载：60]
[ info ] [ LANG ] /Users/moonvee/Project/website/Stms/thinkphp/lang/zh-cn.php
[ info ] [ LANG ] /Users/moonvee/Project/website/Stms/public/../application/lang/zh-cn.php
[ info ] [ ROUTE ] array (
  'type' => 'module',
  'module' => 
  array (
    0 => 'teacher',
    1 => 'teacher',
    2 => 'seestuscore',
  ),
)
[ info ] [ HEADER ] array (
  'cookie' => 'thinkphp_show_page_trace=0|0; cid=30; oid=0; PHPSESSID=968c6053c34837291c3fe0fde3cc9e73; thinkphp_show_page_trace=0|0',
  'accept-language' => 'zh-CN,zh;q=0.9',
  'accept-encoding' => 'gzip, deflate',
  'referer' => 'http://stms.com/teacher/teacher/stulist.html',
  'accept' => 'text/html,application/xhtml+xml,application/xml;q=0.9,image/webp,image/apng,*/*;q=0.8',
  'user-agent' => 'Mozilla/5.0 (Macintosh; Intel Mac OS X 10_13_6) AppleWebKit/537.36 (KHTML, like Gecko) Chrome/70.0.3538.77 Safari/537.36',
  'upgrade-insecure-requests' => '1',
  'connection' => 'keep-alive',
  'host' => 'stms.com',
)
[ info ] [ PARAM ] array (
)
[ info ] [ SESSION ] INIT array (
  'id' => '',
  'var_session_id' => '',
  'prefix' => 'think',
  'type' => '',
  'auto_start' => true,
)
[ info ] [ RUN ] app\teacher\controller\Teacher->seeStuScore[ /Users/moonvee/Project/website/Stms/application/teacher/controller/Teacher.php ]
[ info ] [ DB ] INIT mysql
[ info ] [ VIEW ] /Users/moonvee/Project/website/Stms/public/../application/teacher/view/teacher/stu_score0.html [ array (
) ]
[ info ] [ LOG ] INIT File
[ sql ] [ DB ] CONNECT:[ UseTime:0.001520s ] mysql:dbname=stms;host=127.0.0.1;port=3306;charset=utf8
[ sql ] [ SQL ] SHOW COLUMNS FROM `tp_test_pe` [ RunTime:0.010365s ]
[ sql ] [ SQL ] SELECT * FROM `tp_test_pe` WHERE  `id` = 0 LIMIT 1 [ RunTime:0.003179s ]

---------------------------------------------------------------
[ 2018-10-31T15:18:16+08:00 ] ::1 ::1 GET /teacher/teacher/addstuscore.html
[ log ] stms.com/teacher/teacher/addstuscore.html [运行时间：0.086488s][吞吐率：11.56req/s] [内存消耗：1,656.15kb] [文件加载：55]
[ info ] [ LANG ] /Users/moonvee/Project/website/Stms/thinkphp/lang/zh-cn.php
[ info ] [ LANG ] /Users/moonvee/Project/website/Stms/public/../application/lang/zh-cn.php
[ info ] [ ROUTE ] array (
  'type' => 'module',
  'module' => 
  array (
    0 => 'teacher',
    1 => 'teacher',
    2 => 'addstuscore',
  ),
)
[ info ] [ HEADER ] array (
  'cookie' => 'thinkphp_show_page_trace=0|0; cid=30; oid=0; PHPSESSID=968c6053c34837291c3fe0fde3cc9e73; thinkphp_show_page_trace=0|0',
  'accept-language' => 'zh-CN,zh;q=0.9',
  'accept-encoding' => 'gzip, deflate',
  'referer' => 'http://stms.com/teacher/teacher/stulist.html',
  'accept' => 'text/html,application/xhtml+xml,application/xml;q=0.9,image/webp,image/apng,*/*;q=0.8',
  'user-agent' => 'Mozilla/5.0 (Macintosh; Intel Mac OS X 10_13_6) AppleWebKit/537.36 (KHTML, like Gecko) Chrome/70.0.3538.77 Safari/537.36',
  'upgrade-insecure-requests' => '1',
  'connection' => 'keep-alive',
  'host' => 'stms.com',
)
[ info ] [ PARAM ] array (
)
[ info ] [ SESSION ] INIT array (
  'id' => '',
  'var_session_id' => '',
  'prefix' => 'think',
  'type' => '',
  'auto_start' => true,
)
[ info ] [ RUN ] app\teacher\controller\Teacher->addStuScore[ /Users/moonvee/Project/website/Stms/application/teacher/controller/Teacher.php ]
[ info ] [ VIEW ] /Users/moonvee/Project/website/Stms/public/../application/teacher/view/teacher/add_stu_score.html [ array (
) ]
[ info ] [ LOG ] INIT File

---------------------------------------------------------------
[ 2018-10-31T15:18:18+08:00 ] ::1 ::1 GET /teacher/teacher/addstuscore.html
[ log ] stms.com/teacher/teacher/addstuscore.html [运行时间：0.077153s][吞吐率：12.96req/s] [内存消耗：1,656.15kb] [文件加载：55]
[ info ] [ LANG ] /Users/moonvee/Project/website/Stms/thinkphp/lang/zh-cn.php
[ info ] [ LANG ] /Users/moonvee/Project/website/Stms/public/../application/lang/zh-cn.php
[ info ] [ ROUTE ] array (
  'type' => 'module',
  'module' => 
  array (
    0 => 'teacher',
    1 => 'teacher',
    2 => 'addstuscore',
  ),
)
[ info ] [ HEADER ] array (
  'cookie' => 'thinkphp_show_page_trace=0|0; cid=30; oid=0; PHPSESSID=968c6053c34837291c3fe0fde3cc9e73; thinkphp_show_page_trace=0|0',
  'accept-language' => 'zh-CN,zh;q=0.9',
  'accept-encoding' => 'gzip, deflate',
  'referer' => 'http://stms.com/teacher/teacher/stulist.html',
  'accept' => 'text/html,application/xhtml+xml,application/xml;q=0.9,image/webp,image/apng,*/*;q=0.8',
  'user-agent' => 'Mozilla/5.0 (Macintosh; Intel Mac OS X 10_13_6) AppleWebKit/537.36 (KHTML, like Gecko) Chrome/70.0.3538.77 Safari/537.36',
  'upgrade-insecure-requests' => '1',
  'connection' => 'keep-alive',
  'host' => 'stms.com',
)
[ info ] [ PARAM ] array (
)
[ info ] [ SESSION ] INIT array (
  'id' => '',
  'var_session_id' => '',
  'prefix' => 'think',
  'type' => '',
  'auto_start' => true,
)
[ info ] [ RUN ] app\teacher\controller\Teacher->addStuScore[ /Users/moonvee/Project/website/Stms/application/teacher/controller/Teacher.php ]
[ info ] [ VIEW ] /Users/moonvee/Project/website/Stms/public/../application/teacher/view/teacher/add_stu_score.html [ array (
) ]
[ info ] [ LOG ] INIT File

---------------------------------------------------------------
[ 2018-10-31T15:18:44+08:00 ] ::1 ::1 GET /teacher/teacher/stulist.html
[ log ] stms.com/teacher/teacher/stulist.html [运行时间：0.100622s][吞吐率：9.94req/s] [内存消耗：2,617.21kb] [文件加载：67]
[ info ] [ LANG ] /Users/moonvee/Project/website/Stms/thinkphp/lang/zh-cn.php
[ info ] [ LANG ] /Users/moonvee/Project/website/Stms/public/../application/lang/zh-cn.php
[ info ] [ ROUTE ] array (
  'type' => 'module',
  'module' => 
  array (
    0 => 'teacher',
    1 => 'teacher',
    2 => 'stulist',
  ),
)
[ info ] [ HEADER ] array (
  'cookie' => 'thinkphp_show_page_trace=0|0; cid=30; oid=0; PHPSESSID=968c6053c34837291c3fe0fde3cc9e73; thinkphp_show_page_trace=0|0',
  'accept-language' => 'zh-CN,zh;q=0.9',
  'accept-encoding' => 'gzip, deflate',
  'referer' => 'http://stms.com/teacher/teacher/stulist.html',
  'accept' => 'text/html,application/xhtml+xml,application/xml;q=0.9,image/webp,image/apng,*/*;q=0.8',
  'user-agent' => 'Mozilla/5.0 (Macintosh; Intel Mac OS X 10_13_6) AppleWebKit/537.36 (KHTML, like Gecko) Chrome/70.0.3538.77 Safari/537.36',
  'upgrade-insecure-requests' => '1',
  'connection' => 'keep-alive',
  'host' => 'stms.com',
)
[ info ] [ PARAM ] array (
)
[ info ] [ SESSION ] INIT array (
  'id' => '',
  'var_session_id' => '',
  'prefix' => 'think',
  'type' => '',
  'auto_start' => true,
)
[ info ] [ RUN ] app\teacher\controller\Teacher->stuList[ /Users/moonvee/Project/website/Stms/application/teacher/controller/Teacher.php ]
[ info ] [ DB ] INIT mysql
[ info ] [ VIEW ] /Users/moonvee/Project/website/Stms/public/../application/teacher/view/teacher/stu_list.html [ array (
  0 => 'id',
  1 => 'testList',
  2 => 'title',
) ]
[ info ] [ LOG ] INIT File
[ sql ] [ DB ] CONNECT:[ UseTime:0.000838s ] mysql:dbname=stms;host=127.0.0.1;port=3306;charset=utf8
[ sql ] [ SQL ] SHOW COLUMNS FROM `tp_test_s` [ RunTime:0.002204s ]
[ sql ] [ SQL ] SELECT * FROM `tp_test_s` WHERE  `cid` = 30 ORDER BY `id`  desc [ RunTime:0.000431s ]
[ sql ] [ SQL ] SELECT COUNT(*) AS tp_count FROM `tp_test_s` WHERE  `cid` = 30 LIMIT 1 [ RunTime:0.000359s ]
[ sql ] [ SQL ] SELECT * FROM `tp_test_s` WHERE  `cid` = 30 LIMIT 0,10 [ RunTime:0.000455s ]

---------------------------------------------------------------
[ 2018-10-31T15:18:45+08:00 ] ::1 ::1 GET /teacher/teacher/scoreadd.html
[ log ] stms.com/teacher/teacher/scoreadd.html [运行时间：0.096547s][吞吐率：10.36req/s] [内存消耗：1,656.09kb] [文件加载：55]
[ info ] [ LANG ] /Users/moonvee/Project/website/Stms/thinkphp/lang/zh-cn.php
[ info ] [ LANG ] /Users/moonvee/Project/website/Stms/public/../application/lang/zh-cn.php
[ info ] [ ROUTE ] array (
  'type' => 'module',
  'module' => 
  array (
    0 => 'teacher',
    1 => 'teacher',
    2 => 'scoreadd',
  ),
)
[ info ] [ HEADER ] array (
  'cookie' => 'thinkphp_show_page_trace=0|0; cid=30; oid=0; PHPSESSID=968c6053c34837291c3fe0fde3cc9e73; thinkphp_show_page_trace=0|0',
  'accept-language' => 'zh-CN,zh;q=0.9',
  'accept-encoding' => 'gzip, deflate',
  'referer' => 'http://stms.com/teacher/teacher/stulist.html',
  'accept' => 'text/html,application/xhtml+xml,application/xml;q=0.9,image/webp,image/apng,*/*;q=0.8',
  'user-agent' => 'Mozilla/5.0 (Macintosh; Intel Mac OS X 10_13_6) AppleWebKit/537.36 (KHTML, like Gecko) Chrome/70.0.3538.77 Safari/537.36',
  'upgrade-insecure-requests' => '1',
  'connection' => 'keep-alive',
  'host' => 'stms.com',
)
[ info ] [ PARAM ] array (
)
[ info ] [ SESSION ] INIT array (
  'id' => '',
  'var_session_id' => '',
  'prefix' => 'think',
  'type' => '',
  'auto_start' => true,
)
[ info ] [ RUN ] app\teacher\controller\Teacher->scoreAdd[ /Users/moonvee/Project/website/Stms/application/teacher/controller/Teacher.php ]
[ info ] [ VIEW ] /Users/moonvee/Project/website/Stms/public/../application/teacher/view/teacher/score_add.html [ array (
) ]
[ info ] [ LOG ] INIT File

---------------------------------------------------------------
[ 2018-10-31T15:28:49+08:00 ] ::1 ::1 GET /teacher/teacher/stulist.html
[ log ] stms.com/teacher/teacher/stulist.html [运行时间：0.137227s][吞吐率：7.29req/s] [内存消耗：2,606.76kb] [文件加载：67]
[ info ] [ LANG ] /Users/moonvee/Project/website/Stms/thinkphp/lang/zh-cn.php
[ info ] [ LANG ] /Users/moonvee/Project/website/Stms/public/../application/lang/zh-cn.php
[ info ] [ ROUTE ] array (
  'type' => 'module',
  'module' => 
  array (
    0 => 'teacher',
    1 => 'teacher',
    2 => 'stulist',
  ),
)
[ info ] [ HEADER ] array (
  'cookie' => 'thinkphp_show_page_trace=0|0; PHPSESSID=968c6053c34837291c3fe0fde3cc9e73; thinkphp_show_page_trace=0|0',
  'accept-language' => 'zh-CN,zh;q=0.9',
  'accept-encoding' => 'gzip, deflate',
  'referer' => 'http://stms.com/teacher/teacher/stulist.html',
  'accept' => 'text/html,application/xhtml+xml,application/xml;q=0.9,image/webp,image/apng,*/*;q=0.8',
  'user-agent' => 'Mozilla/5.0 (Macintosh; Intel Mac OS X 10_13_6) AppleWebKit/537.36 (KHTML, like Gecko) Chrome/70.0.3538.77 Safari/537.36',
  'upgrade-insecure-requests' => '1',
  'connection' => 'keep-alive',
  'host' => 'stms.com',
)
[ info ] [ PARAM ] array (
)
[ info ] [ SESSION ] INIT array (
  'id' => '',
  'var_session_id' => '',
  'prefix' => 'think',
  'type' => '',
  'auto_start' => true,
)
[ info ] [ RUN ] app\teacher\controller\Teacher->stuList[ /Users/moonvee/Project/website/Stms/application/teacher/controller/Teacher.php ]
[ info ] [ DB ] INIT mysql
[ info ] [ VIEW ] /Users/moonvee/Project/website/Stms/public/../application/teacher/view/teacher/stu_list.html [ array (
  0 => 'testList',
  1 => 'title',
) ]
[ info ] [ LOG ] INIT File
[ sql ] [ DB ] CONNECT:[ UseTime:0.000758s ] mysql:dbname=stms;host=127.0.0.1;port=3306;charset=utf8
[ sql ] [ SQL ] SHOW COLUMNS FROM `tp_test_s` [ RunTime:0.009855s ]
[ sql ] [ SQL ] SELECT COUNT(*) AS tp_count FROM `tp_test_s` WHERE  `cid` IS NULL LIMIT 1 [ RunTime:0.001129s ]
[ sql ] [ SQL ] SELECT * FROM `tp_test_s` WHERE  `cid` IS NULL LIMIT 0,10 [ RunTime:0.000754s ]

---------------------------------------------------------------
[ 2018-10-31T15:28:50+08:00 ] ::1 ::1 GET /teacher/teacher/stulist.html
[ log ] stms.com/teacher/teacher/stulist.html [运行时间：0.073090s][吞吐率：13.68req/s] [内存消耗：2,409.50kb] [文件加载：64]
[ info ] [ LANG ] /Users/moonvee/Project/website/Stms/thinkphp/lang/zh-cn.php
[ info ] [ LANG ] /Users/moonvee/Project/website/Stms/public/../application/lang/zh-cn.php
[ info ] [ ROUTE ] array (
  'type' => 'module',
  'module' => 
  array (
    0 => 'teacher',
    1 => 'teacher',
    2 => 'stulist',
  ),
)
[ info ] [ HEADER ] array (
  'cookie' => 'thinkphp_show_page_trace=0|0; cid=30; PHPSESSID=968c6053c34837291c3fe0fde3cc9e73; thinkphp_show_page_trace=0|0',
  'accept-language' => 'zh-CN,zh;q=0.9',
  'accept-encoding' => 'gzip, deflate',
  'referer' => 'http://stms.com/teacher/teacher/testup.html',
  'accept' => 'text/html,application/xhtml+xml,application/xml;q=0.9,image/webp,image/apng,*/*;q=0.8',
  'user-agent' => 'Mozilla/5.0 (Macintosh; Intel Mac OS X 10_13_6) AppleWebKit/537.36 (KHTML, like Gecko) Chrome/70.0.3538.77 Safari/537.36',
  'upgrade-insecure-requests' => '1',
  'connection' => 'keep-alive',
  'host' => 'stms.com',
)
[ info ] [ PARAM ] array (
)
[ info ] [ SESSION ] INIT array (
  'id' => '',
  'var_session_id' => '',
  'prefix' => 'think',
  'type' => '',
  'auto_start' => true,
)
[ info ] [ RUN ] app\teacher\controller\Teacher->stuList[ /Users/moonvee/Project/website/Stms/application/teacher/controller/Teacher.php ]
[ info ] [ DB ] INIT mysql
[ info ] [ VIEW ] /Users/moonvee/Project/website/Stms/public/../application/teacher/view/teacher/stu_list.html [ array (
  0 => 'id',
  1 => 'testList',
  2 => 'title',
) ]
[ info ] [ LOG ] INIT File
[ sql ] [ DB ] CONNECT:[ UseTime:0.001380s ] mysql:dbname=stms;host=127.0.0.1;port=3306;charset=utf8
[ sql ] [ SQL ] SHOW COLUMNS FROM `tp_test_s` [ RunTime:0.012100s ]
[ sql ] [ SQL ] SELECT * FROM `tp_test_s` WHERE  `cid` = 30 ORDER BY `id`  desc [ RunTime:0.000582s ]
[ sql ] [ SQL ] SELECT COUNT(*) AS tp_count FROM `tp_test_s` WHERE  `cid` = 30 LIMIT 1 [ RunTime:0.000474s ]
[ sql ] [ SQL ] SELECT * FROM `tp_test_s` WHERE  `cid` = 30 LIMIT 0,10 [ RunTime:0.000488s ]

---------------------------------------------------------------
[ 2018-10-31T15:28:51+08:00 ] ::1 ::1 GET /teacher/teacher/addstuscore.html
[ log ] stms.com/teacher/teacher/addstuscore.html [运行时间：0.058859s][吞吐率：16.99req/s] [内存消耗：1,656.15kb] [文件加载：55]
[ info ] [ LANG ] /Users/moonvee/Project/website/Stms/thinkphp/lang/zh-cn.php
[ info ] [ LANG ] /Users/moonvee/Project/website/Stms/public/../application/lang/zh-cn.php
[ info ] [ ROUTE ] array (
  'type' => 'module',
  'module' => 
  array (
    0 => 'teacher',
    1 => 'teacher',
    2 => 'addstuscore',
  ),
)
[ info ] [ HEADER ] array (
  'cookie' => 'thinkphp_show_page_trace=0|0; cid=30; oid=2015984120317; PHPSESSID=968c6053c34837291c3fe0fde3cc9e73; thinkphp_show_page_trace=0|0',
  'accept-language' => 'zh-CN,zh;q=0.9',
  'accept-encoding' => 'gzip, deflate',
  'referer' => 'http://stms.com/teacher/teacher/stulist.html',
  'accept' => 'text/html,application/xhtml+xml,application/xml;q=0.9,image/webp,image/apng,*/*;q=0.8',
  'user-agent' => 'Mozilla/5.0 (Macintosh; Intel Mac OS X 10_13_6) AppleWebKit/537.36 (KHTML, like Gecko) Chrome/70.0.3538.77 Safari/537.36',
  'upgrade-insecure-requests' => '1',
  'connection' => 'keep-alive',
  'host' => 'stms.com',
)
[ info ] [ PARAM ] array (
)
[ info ] [ SESSION ] INIT array (
  'id' => '',
  'var_session_id' => '',
  'prefix' => 'think',
  'type' => '',
  'auto_start' => true,
)
[ info ] [ RUN ] app\teacher\controller\Teacher->addStuScore[ /Users/moonvee/Project/website/Stms/application/teacher/controller/Teacher.php ]
[ info ] [ VIEW ] /Users/moonvee/Project/website/Stms/public/../application/teacher/view/teacher/add_stu_score.html [ array (
) ]
[ info ] [ LOG ] INIT File

---------------------------------------------------------------
[ 2018-10-31T15:30:41+08:00 ] ::1 ::1 GET /teacher/teacher/seestuscore.html
[ log ] stms.com/teacher/teacher/seestuscore.html [运行时间：0.103400s][吞吐率：9.67req/s] [内存消耗：2,301.81kb] [文件加载：60]
[ info ] [ LANG ] /Users/moonvee/Project/website/Stms/thinkphp/lang/zh-cn.php
[ info ] [ LANG ] /Users/moonvee/Project/website/Stms/public/../application/lang/zh-cn.php
[ info ] [ ROUTE ] array (
  'type' => 'module',
  'module' => 
  array (
    0 => 'teacher',
    1 => 'teacher',
    2 => 'seestuscore',
  ),
)
[ info ] [ HEADER ] array (
  'cookie' => 'thinkphp_show_page_trace=0|0; cid=30; oid=12; PHPSESSID=968c6053c34837291c3fe0fde3cc9e73; thinkphp_show_page_trace=0|0',
  'accept-language' => 'zh-CN,zh;q=0.9',
  'accept-encoding' => 'gzip, deflate',
  'referer' => 'http://stms.com/teacher/teacher/stulist.html',
  'accept' => 'text/html,application/xhtml+xml,application/xml;q=0.9,image/webp,image/apng,*/*;q=0.8',
  'user-agent' => 'Mozilla/5.0 (Macintosh; Intel Mac OS X 10_13_6) AppleWebKit/537.36 (KHTML, like Gecko) Chrome/70.0.3538.77 Safari/537.36',
  'upgrade-insecure-requests' => '1',
  'connection' => 'keep-alive',
  'host' => 'stms.com',
)
[ info ] [ PARAM ] array (
)
[ info ] [ SESSION ] INIT array (
  'id' => '',
  'var_session_id' => '',
  'prefix' => 'think',
  'type' => '',
  'auto_start' => true,
)
[ info ] [ RUN ] app\teacher\controller\Teacher->seeStuScore[ /Users/moonvee/Project/website/Stms/application/teacher/controller/Teacher.php ]
[ info ] [ DB ] INIT mysql
[ info ] [ VIEW ] /Users/moonvee/Project/website/Stms/public/../application/teacher/view/teacher/stu_score.html [ array (
  0 => 'scoreList',
  1 => 'title',
  2 => 'bmiList',
) ]
[ info ] [ LOG ] INIT File
[ sql ] [ DB ] CONNECT:[ UseTime:0.000699s ] mysql:dbname=stms;host=127.0.0.1;port=3306;charset=utf8
[ sql ] [ SQL ] SHOW COLUMNS FROM `tp_test_pe` [ RunTime:0.005168s ]
[ sql ] [ SQL ] SELECT * FROM `tp_test_pe` WHERE  `id` = 12 LIMIT 1 [ RunTime:0.001874s ]
[ sql ] [ SQL ] SHOW COLUMNS FROM `tp_info_s` [ RunTime:0.003917s ]
[ sql ] [ SQL ] SELECT * FROM `tp_info_s` WHERE  `sid` = '2015984120317' LIMIT 1 [ RunTime:0.001595s ]

---------------------------------------------------------------
[ 2018-10-31T15:54:25+08:00 ] ::1 ::1 GET /teacher/teacher/stulist.html
[ log ] stms.com/teacher/teacher/stulist.html [运行时间：0.075303s][吞吐率：13.28req/s] [内存消耗：2,617.52kb] [文件加载：67]
[ info ] [ LANG ] /Users/moonvee/Project/website/Stms/thinkphp/lang/zh-cn.php
[ info ] [ LANG ] /Users/moonvee/Project/website/Stms/public/../application/lang/zh-cn.php
[ info ] [ ROUTE ] array (
  'type' => 'module',
  'module' => 
  array (
    0 => 'teacher',
    1 => 'teacher',
    2 => 'stulist',
  ),
)
[ info ] [ HEADER ] array (
  'cookie' => 'thinkphp_show_page_trace=0|0; cid=30; PHPSESSID=968c6053c34837291c3fe0fde3cc9e73; thinkphp_show_page_trace=0|0',
  'accept-language' => 'zh-CN,zh;q=0.9',
  'accept-encoding' => 'gzip, deflate',
  'referer' => 'http://stms.com/teacher/teacher/testup.html',
  'accept' => 'text/html,application/xhtml+xml,application/xml;q=0.9,image/webp,image/apng,*/*;q=0.8',
  'user-agent' => 'Mozilla/5.0 (Macintosh; Intel Mac OS X 10_13_6) AppleWebKit/537.36 (KHTML, like Gecko) Chrome/70.0.3538.77 Safari/537.36',
  'upgrade-insecure-requests' => '1',
  'connection' => 'keep-alive',
  'host' => 'stms.com',
)
[ info ] [ PARAM ] array (
)
[ info ] [ SESSION ] INIT array (
  'id' => '',
  'var_session_id' => '',
  'prefix' => 'think',
  'type' => '',
  'auto_start' => true,
)
[ info ] [ RUN ] app\teacher\controller\Teacher->stuList[ /Users/moonvee/Project/website/Stms/application/teacher/controller/Teacher.php ]
[ info ] [ DB ] INIT mysql
[ info ] [ VIEW ] /Users/moonvee/Project/website/Stms/public/../application/teacher/view/teacher/stu_list.html [ array (
  0 => 'id',
  1 => 'testList',
  2 => 'title',
) ]
[ info ] [ LOG ] INIT File
[ sql ] [ DB ] CONNECT:[ UseTime:0.000694s ] mysql:dbname=stms;host=127.0.0.1;port=3306;charset=utf8
[ sql ] [ SQL ] SHOW COLUMNS FROM `tp_test_s` [ RunTime:0.006243s ]
[ sql ] [ SQL ] SELECT * FROM `tp_test_s` WHERE  `cid` = 30 ORDER BY `id`  desc [ RunTime:0.000463s ]
[ sql ] [ SQL ] SELECT COUNT(*) AS tp_count FROM `tp_test_s` WHERE  `cid` = 30 LIMIT 1 [ RunTime:0.000374s ]
[ sql ] [ SQL ] SELECT * FROM `tp_test_s` WHERE  `cid` = 30 LIMIT 0,10 [ RunTime:0.000404s ]

---------------------------------------------------------------
[ 2018-10-31T16:09:01+08:00 ] ::1 ::1 GET /teacher/teacher/stulist.html
[ log ] stms.com/teacher/teacher/stulist.html [运行时间：0.122144s][吞吐率：8.19req/s] [内存消耗：2,619.70kb] [文件加载：67]
[ info ] [ LANG ] /Users/moonvee/Project/website/Stms/thinkphp/lang/zh-cn.php
[ info ] [ LANG ] /Users/moonvee/Project/website/Stms/public/../application/lang/zh-cn.php
[ info ] [ ROUTE ] array (
  'type' => 'module',
  'module' => 
  array (
    0 => 'teacher',
    1 => 'teacher',
    2 => 'stulist',
  ),
)
[ info ] [ HEADER ] array (
  'cookie' => 'thinkphp_show_page_trace=0|0; cid=30; PHPSESSID=968c6053c34837291c3fe0fde3cc9e73; thinkphp_show_page_trace=0|0',
  'accept-language' => 'zh-CN,zh;q=0.9',
  'accept-encoding' => 'gzip, deflate',
  'referer' => 'http://stms.com/teacher/teacher/testup.html',
  'accept' => 'text/html,application/xhtml+xml,application/xml;q=0.9,image/webp,image/apng,*/*;q=0.8',
  'user-agent' => 'Mozilla/5.0 (Macintosh; Intel Mac OS X 10_13_6) AppleWebKit/537.36 (KHTML, like Gecko) Chrome/70.0.3538.77 Safari/537.36',
  'upgrade-insecure-requests' => '1',
  'connection' => 'keep-alive',
  'host' => 'stms.com',
)
[ info ] [ PARAM ] array (
)
[ info ] [ SESSION ] INIT array (
  'id' => '',
  'var_session_id' => '',
  'prefix' => 'think',
  'type' => '',
  'auto_start' => true,
)
[ info ] [ RUN ] app\teacher\controller\Teacher->stuList[ /Users/moonvee/Project/website/Stms/application/teacher/controller/Teacher.php ]
[ info ] [ DB ] INIT mysql
[ info ] [ VIEW ] /Users/moonvee/Project/website/Stms/public/../application/teacher/view/teacher/stu_list.html [ array (
  0 => 'id',
  1 => 'testList',
  2 => 'title',
) ]
[ info ] [ LOG ] INIT File
[ sql ] [ DB ] CONNECT:[ UseTime:0.000728s ] mysql:dbname=stms;host=127.0.0.1;port=3306;charset=utf8
[ sql ] [ SQL ] SHOW COLUMNS FROM `tp_test_s` [ RunTime:0.004534s ]
[ sql ] [ SQL ] SELECT * FROM `tp_test_s` WHERE  `cid` = 30 ORDER BY `id`  desc [ RunTime:0.000543s ]
[ sql ] [ SQL ] SELECT COUNT(*) AS tp_count FROM `tp_test_s` WHERE  `cid` = 30 LIMIT 1 [ RunTime:0.000491s ]
[ sql ] [ SQL ] SELECT * FROM `tp_test_s` WHERE  `cid` = 30 LIMIT 0,10 [ RunTime:0.000500s ]

---------------------------------------------------------------
[ 2018-10-31T16:09:02+08:00 ] ::1 ::1 GET /teacher/teacher/addstuscore.html
[ log ] stms.com/teacher/teacher/addstuscore.html [运行时间：0.070906s][吞吐率：14.10req/s] [内存消耗：1,678.98kb] [文件加载：56]
[ info ] [ LANG ] /Users/moonvee/Project/website/Stms/thinkphp/lang/zh-cn.php
[ info ] [ LANG ] /Users/moonvee/Project/website/Stms/public/../application/lang/zh-cn.php
[ info ] [ ROUTE ] array (
  'type' => 'module',
  'module' => 
  array (
    0 => 'teacher',
    1 => 'teacher',
    2 => 'addstuscore',
  ),
)
[ info ] [ HEADER ] array (
  'cookie' => 'thinkphp_show_page_trace=0|0; cid=30; oid=0; sid=2015984120318; PHPSESSID=968c6053c34837291c3fe0fde3cc9e73; thinkphp_show_page_trace=0|0',
  'accept-language' => 'zh-CN,zh;q=0.9',
  'accept-encoding' => 'gzip, deflate',
  'referer' => 'http://stms.com/teacher/teacher/stulist.html',
  'accept' => 'text/html,application/xhtml+xml,application/xml;q=0.9,image/webp,image/apng,*/*;q=0.8',
  'user-agent' => 'Mozilla/5.0 (Macintosh; Intel Mac OS X 10_13_6) AppleWebKit/537.36 (KHTML, like Gecko) Chrome/70.0.3538.77 Safari/537.36',
  'upgrade-insecure-requests' => '1',
  'connection' => 'keep-alive',
  'host' => 'stms.com',
)
[ info ] [ PARAM ] array (
)
[ info ] [ SESSION ] INIT array (
  'id' => '',
  'var_session_id' => '',
  'prefix' => 'think',
  'type' => '',
  'auto_start' => true,
)
[ info ] [ RUN ] app\teacher\controller\Teacher->addStuScore[ /Users/moonvee/Project/website/Stms/application/teacher/controller/Teacher.php ]
[ info ] [ VIEW ] /Users/moonvee/Project/website/Stms/public/../application/teacher/view/teacher/add_stu_score.html [ array (
) ]
[ info ] [ LOG ] INIT File

---------------------------------------------------------------
[ 2018-10-31T16:09:05+08:00 ] ::1 ::1 GET /teacher/teacher/addstuscore.html
[ log ] stms.com/teacher/teacher/addstuscore.html [运行时间：0.123062s][吞吐率：8.13req/s] [内存消耗：2,574.66kb] [文件加载：64]
[ info ] [ LANG ] /Users/moonvee/Project/website/Stms/thinkphp/lang/zh-cn.php
[ info ] [ LANG ] /Users/moonvee/Project/website/Stms/public/../application/lang/zh-cn.php
[ info ] [ ROUTE ] array (
  'type' => 'module',
  'module' => 
  array (
    0 => 'teacher',
    1 => 'teacher',
    2 => 'addstuscore',
  ),
)
[ info ] [ HEADER ] array (
  'cookie' => 'thinkphp_show_page_trace=0|0; cid=30; oid=12; sid=2015984120317; PHPSESSID=968c6053c34837291c3fe0fde3cc9e73; thinkphp_show_page_trace=0|0',
  'accept-language' => 'zh-CN,zh;q=0.9',
  'accept-encoding' => 'gzip, deflate',
  'referer' => 'http://stms.com/teacher/teacher/stulist.html',
  'accept' => 'text/html,application/xhtml+xml,application/xml;q=0.9,image/webp,image/apng,*/*;q=0.8',
  'user-agent' => 'Mozilla/5.0 (Macintosh; Intel Mac OS X 10_13_6) AppleWebKit/537.36 (KHTML, like Gecko) Chrome/70.0.3538.77 Safari/537.36',
  'upgrade-insecure-requests' => '1',
  'connection' => 'keep-alive',
  'host' => 'stms.com',
)
[ info ] [ PARAM ] array (
)
[ info ] [ SESSION ] INIT array (
  'id' => '',
  'var_session_id' => '',
  'prefix' => 'think',
  'type' => '',
  'auto_start' => true,
)
[ info ] [ RUN ] app\teacher\controller\Teacher->addStuScore[ /Users/moonvee/Project/website/Stms/application/teacher/controller/Teacher.php ]
[ info ] [ DB ] INIT mysql
[ info ] [ VIEW ] /Users/moonvee/Project/website/Stms/public/../application/teacher/view/teacher/edit_stu_score.html [ array (
) ]
[ info ] [ LOG ] INIT File
[ sql ] [ DB ] CONNECT:[ UseTime:0.002005s ] mysql:dbname=stms;host=127.0.0.1;port=3306;charset=utf8
[ sql ] [ SQL ] SHOW COLUMNS FROM `tp_test_pe` [ RunTime:0.005119s ]
[ sql ] [ SQL ] SELECT * FROM `tp_test_pe` WHERE  `sid` = '2015984120317' LIMIT 1 [ RunTime:0.000930s ]

---------------------------------------------------------------
[ 2018-10-31T16:09:07+08:00 ] ::1 ::1 GET /teacher/teacher/addstuscore.html
[ log ] stms.com/teacher/teacher/addstuscore.html [运行时间：0.061245s][吞吐率：16.33req/s] [内存消耗：1,678.98kb] [文件加载：56]
[ info ] [ LANG ] /Users/moonvee/Project/website/Stms/thinkphp/lang/zh-cn.php
[ info ] [ LANG ] /Users/moonvee/Project/website/Stms/public/../application/lang/zh-cn.php
[ info ] [ ROUTE ] array (
  'type' => 'module',
  'module' => 
  array (
    0 => 'teacher',
    1 => 'teacher',
    2 => 'addstuscore',
  ),
)
[ info ] [ HEADER ] array (
  'cookie' => 'thinkphp_show_page_trace=0|0; cid=30; oid=0; sid=2015984120318; PHPSESSID=968c6053c34837291c3fe0fde3cc9e73; thinkphp_show_page_trace=0|0',
  'accept-language' => 'zh-CN,zh;q=0.9',
  'accept-encoding' => 'gzip, deflate',
  'referer' => 'http://stms.com/teacher/teacher/stulist.html',
  'accept' => 'text/html,application/xhtml+xml,application/xml;q=0.9,image/webp,image/apng,*/*;q=0.8',
  'user-agent' => 'Mozilla/5.0 (Macintosh; Intel Mac OS X 10_13_6) AppleWebKit/537.36 (KHTML, like Gecko) Chrome/70.0.3538.77 Safari/537.36',
  'upgrade-insecure-requests' => '1',
  'connection' => 'keep-alive',
  'host' => 'stms.com',
)
[ info ] [ PARAM ] array (
)
[ info ] [ SESSION ] INIT array (
  'id' => '',
  'var_session_id' => '',
  'prefix' => 'think',
  'type' => '',
  'auto_start' => true,
)
[ info ] [ RUN ] app\teacher\controller\Teacher->addStuScore[ /Users/moonvee/Project/website/Stms/application/teacher/controller/Teacher.php ]
[ info ] [ VIEW ] /Users/moonvee/Project/website/Stms/public/../application/teacher/view/teacher/add_stu_score.html [ array (
) ]
[ info ] [ LOG ] INIT File

---------------------------------------------------------------
[ 2018-10-31T16:09:21+08:00 ] ::1 ::1 GET /teacher/teacher/addstuscore.html
[ log ] stms.com/teacher/teacher/addstuscore.html [运行时间：0.080487s][吞吐率：12.42req/s] [内存消耗：2,354.05kb] [文件加载：61]
[ info ] [ LANG ] /Users/moonvee/Project/website/Stms/thinkphp/lang/zh-cn.php
[ info ] [ LANG ] /Users/moonvee/Project/website/Stms/public/../application/lang/zh-cn.php
[ info ] [ ROUTE ] array (
  'type' => 'module',
  'module' => 
  array (
    0 => 'teacher',
    1 => 'teacher',
    2 => 'addstuscore',
  ),
)
[ info ] [ HEADER ] array (
  'cookie' => 'thinkphp_show_page_trace=0|0; cid=30; oid=12; sid=2015984120317; PHPSESSID=968c6053c34837291c3fe0fde3cc9e73; thinkphp_show_page_trace=0|0',
  'accept-language' => 'zh-CN,zh;q=0.9',
  'accept-encoding' => 'gzip, deflate',
  'referer' => 'http://stms.com/teacher/teacher/stulist.html',
  'accept' => 'text/html,application/xhtml+xml,application/xml;q=0.9,image/webp,image/apng,*/*;q=0.8',
  'user-agent' => 'Mozilla/5.0 (Macintosh; Intel Mac OS X 10_13_6) AppleWebKit/537.36 (KHTML, like Gecko) Chrome/70.0.3538.77 Safari/537.36',
  'upgrade-insecure-requests' => '1',
  'connection' => 'keep-alive',
  'host' => 'stms.com',
)
[ info ] [ PARAM ] array (
)
[ info ] [ SESSION ] INIT array (
  'id' => '',
  'var_session_id' => '',
  'prefix' => 'think',
  'type' => '',
  'auto_start' => true,
)
[ info ] [ RUN ] app\teacher\controller\Teacher->addStuScore[ /Users/moonvee/Project/website/Stms/application/teacher/controller/Teacher.php ]
[ info ] [ DB ] INIT mysql
[ info ] [ VIEW ] /Users/moonvee/Project/website/Stms/public/../application/teacher/view/teacher/edit_stu_score.html [ array (
) ]
[ info ] [ LOG ] INIT File
[ sql ] [ DB ] CONNECT:[ UseTime:0.000821s ] mysql:dbname=stms;host=127.0.0.1;port=3306;charset=utf8
[ sql ] [ SQL ] SHOW COLUMNS FROM `tp_test_pe` [ RunTime:0.004316s ]
[ sql ] [ SQL ] SELECT * FROM `tp_test_pe` WHERE  `sid` = '2015984120317' LIMIT 1 [ RunTime:0.001604s ]

---------------------------------------------------------------
[ 2018-10-31T16:09:23+08:00 ] ::1 ::1 GET /teacher/teacher/addstuscore.html
[ log ] stms.com/teacher/teacher/addstuscore.html [运行时间：0.092309s][吞吐率：10.83req/s] [内存消耗：2,353.27kb] [文件加载：61]
[ info ] [ LANG ] /Users/moonvee/Project/website/Stms/thinkphp/lang/zh-cn.php
[ info ] [ LANG ] /Users/moonvee/Project/website/Stms/public/../application/lang/zh-cn.php
[ info ] [ ROUTE ] array (
  'type' => 'module',
  'module' => 
  array (
    0 => 'teacher',
    1 => 'teacher',
    2 => 'addstuscore',
  ),
)
[ info ] [ HEADER ] array (
  'cookie' => 'thinkphp_show_page_trace=0|0; cid=30; oid=12; sid=2015984120317; PHPSESSID=968c6053c34837291c3fe0fde3cc9e73; thinkphp_show_page_trace=0|0',
  'accept-language' => 'zh-CN,zh;q=0.9',
  'accept-encoding' => 'gzip, deflate',
  'accept' => 'text/html,application/xhtml+xml,application/xml;q=0.9,image/webp,image/apng,*/*;q=0.8',
  'user-agent' => 'Mozilla/5.0 (Macintosh; Intel Mac OS X 10_13_6) AppleWebKit/537.36 (KHTML, like Gecko) Chrome/70.0.3538.77 Safari/537.36',
  'upgrade-insecure-requests' => '1',
  'connection' => 'keep-alive',
  'host' => 'stms.com',
)
[ info ] [ PARAM ] array (
)
[ info ] [ SESSION ] INIT array (
  'id' => '',
  'var_session_id' => '',
  'prefix' => 'think',
  'type' => '',
  'auto_start' => true,
)
[ info ] [ RUN ] app\teacher\controller\Teacher->addStuScore[ /Users/moonvee/Project/website/Stms/application/teacher/controller/Teacher.php ]
[ info ] [ DB ] INIT mysql
[ info ] [ VIEW ] /Users/moonvee/Project/website/Stms/public/../application/teacher/view/teacher/edit_stu_score.html [ array (
) ]
[ info ] [ LOG ] INIT File
[ sql ] [ DB ] CONNECT:[ UseTime:0.000669s ] mysql:dbname=stms;host=127.0.0.1;port=3306;charset=utf8
[ sql ] [ SQL ] SHOW COLUMNS FROM `tp_test_pe` [ RunTime:0.004488s ]
[ sql ] [ SQL ] SELECT * FROM `tp_test_pe` WHERE  `sid` = '2015984120317' LIMIT 1 [ RunTime:0.000976s ]

---------------------------------------------------------------
[ 2018-10-31T18:58:08+08:00 ] ::1 ::1 GET /teacher/teacher/stulist.html
[ log ] stms.com/teacher/teacher/stulist.html [运行时间：0.144813s][吞吐率：6.91req/s] [内存消耗：2,411.67kb] [文件加载：64]
[ info ] [ LANG ] /Users/moonvee/Project/website/Stms/thinkphp/lang/zh-cn.php
[ info ] [ LANG ] /Users/moonvee/Project/website/Stms/public/../application/lang/zh-cn.php
[ info ] [ ROUTE ] array (
  'type' => 'module',
  'module' => 
  array (
    0 => 'teacher',
    1 => 'teacher',
    2 => 'stulist',
  ),
)
[ info ] [ HEADER ] array (
  'cookie' => 'thinkphp_show_page_trace=0|0; cid=30; PHPSESSID=968c6053c34837291c3fe0fde3cc9e73; thinkphp_show_page_trace=0|0',
  'accept-language' => 'zh-CN,zh;q=0.9',
  'accept-encoding' => 'gzip, deflate',
  'referer' => 'http://stms.com/teacher/teacher/testup.html',
  'accept' => 'text/html,application/xhtml+xml,application/xml;q=0.9,image/webp,image/apng,*/*;q=0.8',
  'user-agent' => 'Mozilla/5.0 (Macintosh; Intel Mac OS X 10_13_6) AppleWebKit/537.36 (KHTML, like Gecko) Chrome/70.0.3538.77 Safari/537.36',
  'upgrade-insecure-requests' => '1',
  'connection' => 'keep-alive',
  'host' => 'stms.com',
)
[ info ] [ PARAM ] array (
)
[ info ] [ SESSION ] INIT array (
  'id' => '',
  'var_session_id' => '',
  'prefix' => 'think',
  'type' => '',
  'auto_start' => true,
)
[ info ] [ RUN ] app\teacher\controller\Teacher->stuList[ /Users/moonvee/Project/website/Stms/application/teacher/controller/Teacher.php ]
[ info ] [ DB ] INIT mysql
[ info ] [ VIEW ] /Users/moonvee/Project/website/Stms/public/../application/teacher/view/teacher/stu_list.html [ array (
  0 => 'id',
  1 => 'testList',
  2 => 'title',
) ]
[ info ] [ LOG ] INIT File
[ sql ] [ DB ] CONNECT:[ UseTime:0.000758s ] mysql:dbname=stms;host=127.0.0.1;port=3306;charset=utf8
[ sql ] [ SQL ] SHOW COLUMNS FROM `tp_test_s` [ RunTime:0.003284s ]
[ sql ] [ SQL ] SELECT * FROM `tp_test_s` WHERE  `cid` = 30 ORDER BY `id`  desc [ RunTime:0.000483s ]
[ sql ] [ SQL ] SELECT COUNT(*) AS tp_count FROM `tp_test_s` WHERE  `cid` = 30 LIMIT 1 [ RunTime:0.000881s ]
[ sql ] [ SQL ] SELECT * FROM `tp_test_s` WHERE  `cid` = 30 LIMIT 0,10 [ RunTime:0.000563s ]

---------------------------------------------------------------
[ 2018-10-31T18:58:46+08:00 ] ::1 ::1 GET /teacher/teacher/stulist.html
[ log ] stms.com/teacher/teacher/stulist.html [运行时间：0.125983s][吞吐率：7.94req/s] [内存消耗：2,619.70kb] [文件加载：67]
[ info ] [ LANG ] /Users/moonvee/Project/website/Stms/thinkphp/lang/zh-cn.php
[ info ] [ LANG ] /Users/moonvee/Project/website/Stms/public/../application/lang/zh-cn.php
[ info ] [ ROUTE ] array (
  'type' => 'module',
  'module' => 
  array (
    0 => 'teacher',
    1 => 'teacher',
    2 => 'stulist',
  ),
)
[ info ] [ HEADER ] array (
  'cookie' => 'thinkphp_show_page_trace=0|0; cid=30; PHPSESSID=968c6053c34837291c3fe0fde3cc9e73; thinkphp_show_page_trace=0|0',
  'accept-language' => 'zh-CN,zh;q=0.9',
  'accept-encoding' => 'gzip, deflate',
  'referer' => 'http://stms.com/teacher/teacher/testup.html',
  'accept' => 'text/html,application/xhtml+xml,application/xml;q=0.9,image/webp,image/apng,*/*;q=0.8',
  'user-agent' => 'Mozilla/5.0 (Macintosh; Intel Mac OS X 10_13_6) AppleWebKit/537.36 (KHTML, like Gecko) Chrome/70.0.3538.77 Safari/537.36',
  'upgrade-insecure-requests' => '1',
  'connection' => 'keep-alive',
  'host' => 'stms.com',
)
[ info ] [ PARAM ] array (
)
[ info ] [ SESSION ] INIT array (
  'id' => '',
  'var_session_id' => '',
  'prefix' => 'think',
  'type' => '',
  'auto_start' => true,
)
[ info ] [ RUN ] app\teacher\controller\Teacher->stuList[ /Users/moonvee/Project/website/Stms/application/teacher/controller/Teacher.php ]
[ info ] [ DB ] INIT mysql
[ info ] [ VIEW ] /Users/moonvee/Project/website/Stms/public/../application/teacher/view/teacher/stu_list.html [ array (
  0 => 'id',
  1 => 'testList',
  2 => 'title',
) ]
[ info ] [ LOG ] INIT File
[ sql ] [ DB ] CONNECT:[ UseTime:0.000621s ] mysql:dbname=stms;host=127.0.0.1;port=3306;charset=utf8
[ sql ] [ SQL ] SHOW COLUMNS FROM `tp_test_s` [ RunTime:0.004925s ]
[ sql ] [ SQL ] SELECT * FROM `tp_test_s` WHERE  `cid` = 30 ORDER BY `id`  desc [ RunTime:0.000483s ]
[ sql ] [ SQL ] SELECT COUNT(*) AS tp_count FROM `tp_test_s` WHERE  `cid` = 30 LIMIT 1 [ RunTime:0.000673s ]
[ sql ] [ SQL ] SELECT * FROM `tp_test_s` WHERE  `cid` = 30 LIMIT 0,10 [ RunTime:0.000445s ]

---------------------------------------------------------------
[ 2018-10-31T21:08:52+08:00 ] ::1 ::1 GET /teacher/teacher/stulist.html
[ log ] stms.com/teacher/teacher/stulist.html [运行时间：0.173171s][吞吐率：5.77req/s] [内存消耗：2,411.67kb] [文件加载：64]
[ info ] [ LANG ] /Users/moonvee/Project/website/Stms/thinkphp/lang/zh-cn.php
[ info ] [ LANG ] /Users/moonvee/Project/website/Stms/public/../application/lang/zh-cn.php
[ info ] [ ROUTE ] array (
  'type' => 'module',
  'module' => 
  array (
    0 => 'teacher',
    1 => 'teacher',
    2 => 'stulist',
  ),
)
[ info ] [ HEADER ] array (
  'cookie' => 'thinkphp_show_page_trace=0|0; cid=30; PHPSESSID=968c6053c34837291c3fe0fde3cc9e73; thinkphp_show_page_trace=0|0',
  'accept-language' => 'zh-CN,zh;q=0.9',
  'accept-encoding' => 'gzip, deflate',
  'referer' => 'http://stms.com/teacher/teacher/testup.html',
  'accept' => 'text/html,application/xhtml+xml,application/xml;q=0.9,image/webp,image/apng,*/*;q=0.8',
  'user-agent' => 'Mozilla/5.0 (Macintosh; Intel Mac OS X 10_13_6) AppleWebKit/537.36 (KHTML, like Gecko) Chrome/70.0.3538.77 Safari/537.36',
  'upgrade-insecure-requests' => '1',
  'connection' => 'keep-alive',
  'host' => 'stms.com',
)
[ info ] [ PARAM ] array (
)
[ info ] [ SESSION ] INIT array (
  'id' => '',
  'var_session_id' => '',
  'prefix' => 'think',
  'type' => '',
  'auto_start' => true,
)
[ info ] [ RUN ] app\teacher\controller\Teacher->stuList[ /Users/moonvee/Project/website/Stms/application/teacher/controller/Teacher.php ]
[ info ] [ DB ] INIT mysql
[ info ] [ VIEW ] /Users/moonvee/Project/website/Stms/public/../application/teacher/view/teacher/stu_list.html [ array (
  0 => 'id',
  1 => 'testList',
  2 => 'title',
) ]
[ info ] [ LOG ] INIT File
[ sql ] [ DB ] CONNECT:[ UseTime:0.004503s ] mysql:dbname=stms;host=127.0.0.1;port=3306;charset=utf8
[ sql ] [ SQL ] SHOW COLUMNS FROM `tp_test_s` [ RunTime:0.012990s ]
[ sql ] [ SQL ] SELECT * FROM `tp_test_s` WHERE  `cid` = 30 ORDER BY `id`  desc [ RunTime:0.002507s ]
[ sql ] [ SQL ] SELECT COUNT(*) AS tp_count FROM `tp_test_s` WHERE  `cid` = 30 LIMIT 1 [ RunTime:0.000512s ]
[ sql ] [ SQL ] SELECT * FROM `tp_test_s` WHERE  `cid` = 30 LIMIT 0,10 [ RunTime:0.000688s ]

---------------------------------------------------------------
[ 2018-10-31T21:08:53+08:00 ] ::1 ::1 GET /teacher/teacher/addstuscore.html
[ log ] stms.com/teacher/teacher/addstuscore.html [运行时间：0.146605s][吞吐率：6.82req/s] [内存消耗：2,574.66kb] [文件加载：64]
[ info ] [ LANG ] /Users/moonvee/Project/website/Stms/thinkphp/lang/zh-cn.php
[ info ] [ LANG ] /Users/moonvee/Project/website/Stms/public/../application/lang/zh-cn.php
[ info ] [ ROUTE ] array (
  'type' => 'module',
  'module' => 
  array (
    0 => 'teacher',
    1 => 'teacher',
    2 => 'addstuscore',
  ),
)
[ info ] [ HEADER ] array (
  'cookie' => 'thinkphp_show_page_trace=0|0; cid=30; oid=12; sid=2015984120317; PHPSESSID=968c6053c34837291c3fe0fde3cc9e73; thinkphp_show_page_trace=0|0',
  'accept-language' => 'zh-CN,zh;q=0.9',
  'accept-encoding' => 'gzip, deflate',
  'referer' => 'http://stms.com/teacher/teacher/stulist.html',
  'accept' => 'text/html,application/xhtml+xml,application/xml;q=0.9,image/webp,image/apng,*/*;q=0.8',
  'user-agent' => 'Mozilla/5.0 (Macintosh; Intel Mac OS X 10_13_6) AppleWebKit/537.36 (KHTML, like Gecko) Chrome/70.0.3538.77 Safari/537.36',
  'upgrade-insecure-requests' => '1',
  'connection' => 'keep-alive',
  'host' => 'stms.com',
)
[ info ] [ PARAM ] array (
)
[ info ] [ SESSION ] INIT array (
  'id' => '',
  'var_session_id' => '',
  'prefix' => 'think',
  'type' => '',
  'auto_start' => true,
)
[ info ] [ RUN ] app\teacher\controller\Teacher->addStuScore[ /Users/moonvee/Project/website/Stms/application/teacher/controller/Teacher.php ]
[ info ] [ DB ] INIT mysql
[ info ] [ VIEW ] /Users/moonvee/Project/website/Stms/public/../application/teacher/view/teacher/edit_stu_score.html [ array (
) ]
[ info ] [ LOG ] INIT File
[ sql ] [ DB ] CONNECT:[ UseTime:0.001104s ] mysql:dbname=stms;host=127.0.0.1;port=3306;charset=utf8
[ sql ] [ SQL ] SHOW COLUMNS FROM `tp_test_pe` [ RunTime:0.007171s ]
[ sql ] [ SQL ] SELECT * FROM `tp_test_pe` WHERE  `sid` = '2015984120317' LIMIT 1 [ RunTime:0.000976s ]

---------------------------------------------------------------
[ 2018-10-31T21:08:56+08:00 ] ::1 ::1 GET /teacher/teacher/seestuscore.html
[ log ] stms.com/teacher/teacher/seestuscore.html [运行时间：0.121771s][吞吐率：8.21req/s] [内存消耗：2,304.08kb] [文件加载：60]
[ info ] [ LANG ] /Users/moonvee/Project/website/Stms/thinkphp/lang/zh-cn.php
[ info ] [ LANG ] /Users/moonvee/Project/website/Stms/public/../application/lang/zh-cn.php
[ info ] [ ROUTE ] array (
  'type' => 'module',
  'module' => 
  array (
    0 => 'teacher',
    1 => 'teacher',
    2 => 'seestuscore',
  ),
)
[ info ] [ HEADER ] array (
  'cookie' => 'thinkphp_show_page_trace=0|0; cid=30; oid=12; sid=2015984120317; PHPSESSID=968c6053c34837291c3fe0fde3cc9e73; thinkphp_show_page_trace=0|0',
  'accept-language' => 'zh-CN,zh;q=0.9',
  'accept-encoding' => 'gzip, deflate',
  'referer' => 'http://stms.com/teacher/teacher/stulist.html',
  'accept' => 'text/html,application/xhtml+xml,application/xml;q=0.9,image/webp,image/apng,*/*;q=0.8',
  'user-agent' => 'Mozilla/5.0 (Macintosh; Intel Mac OS X 10_13_6) AppleWebKit/537.36 (KHTML, like Gecko) Chrome/70.0.3538.77 Safari/537.36',
  'upgrade-insecure-requests' => '1',
  'connection' => 'keep-alive',
  'host' => 'stms.com',
)
[ info ] [ PARAM ] array (
)
[ info ] [ SESSION ] INIT array (
  'id' => '',
  'var_session_id' => '',
  'prefix' => 'think',
  'type' => '',
  'auto_start' => true,
)
[ info ] [ RUN ] app\teacher\controller\Teacher->seeStuScore[ /Users/moonvee/Project/website/Stms/application/teacher/controller/Teacher.php ]
[ info ] [ DB ] INIT mysql
[ info ] [ VIEW ] /Users/moonvee/Project/website/Stms/public/../application/teacher/view/teacher/stu_score.html [ array (
  0 => 'scoreList',
  1 => 'title',
  2 => 'bmiList',
) ]
[ info ] [ LOG ] INIT File
[ sql ] [ DB ] CONNECT:[ UseTime:0.000907s ] mysql:dbname=stms;host=127.0.0.1;port=3306;charset=utf8
[ sql ] [ SQL ] SHOW COLUMNS FROM `tp_test_pe` [ RunTime:0.004891s ]
[ sql ] [ SQL ] SELECT * FROM `tp_test_pe` WHERE  `id` = 12 LIMIT 1 [ RunTime:0.002933s ]
[ sql ] [ SQL ] SHOW COLUMNS FROM `tp_info_s` [ RunTime:0.006627s ]
[ sql ] [ SQL ] SELECT * FROM `tp_info_s` WHERE  `sid` = '2015984120317' LIMIT 1 [ RunTime:0.000866s ]

---------------------------------------------------------------
[ 2018-10-31T21:08:58+08:00 ] ::1 ::1 GET /teacher/teacher/seestuscore.html
[ log ] stms.com/teacher/teacher/seestuscore.html [运行时间：0.119287s][吞吐率：8.38req/s] [内存消耗：2,288.15kb] [文件加载：60]
[ info ] [ LANG ] /Users/moonvee/Project/website/Stms/thinkphp/lang/zh-cn.php
[ info ] [ LANG ] /Users/moonvee/Project/website/Stms/public/../application/lang/zh-cn.php
[ info ] [ ROUTE ] array (
  'type' => 'module',
  'module' => 
  array (
    0 => 'teacher',
    1 => 'teacher',
    2 => 'seestuscore',
  ),
)
[ info ] [ HEADER ] array (
  'cookie' => 'thinkphp_show_page_trace=0|0; cid=30; sid=2015984120317; oid=0; PHPSESSID=968c6053c34837291c3fe0fde3cc9e73; thinkphp_show_page_trace=0|0',
  'accept-language' => 'zh-CN,zh;q=0.9',
  'accept-encoding' => 'gzip, deflate',
  'referer' => 'http://stms.com/teacher/teacher/stulist.html',
  'accept' => 'text/html,application/xhtml+xml,application/xml;q=0.9,image/webp,image/apng,*/*;q=0.8',
  'user-agent' => 'Mozilla/5.0 (Macintosh; Intel Mac OS X 10_13_6) AppleWebKit/537.36 (KHTML, like Gecko) Chrome/70.0.3538.77 Safari/537.36',
  'upgrade-insecure-requests' => '1',
  'connection' => 'keep-alive',
  'host' => 'stms.com',
)
[ info ] [ PARAM ] array (
)
[ info ] [ SESSION ] INIT array (
  'id' => '',
  'var_session_id' => '',
  'prefix' => 'think',
  'type' => '',
  'auto_start' => true,
)
[ info ] [ RUN ] app\teacher\controller\Teacher->seeStuScore[ /Users/moonvee/Project/website/Stms/application/teacher/controller/Teacher.php ]
[ info ] [ DB ] INIT mysql
[ info ] [ VIEW ] /Users/moonvee/Project/website/Stms/public/../application/teacher/view/teacher/stu_score0.html [ array (
) ]
[ info ] [ LOG ] INIT File
[ sql ] [ DB ] CONNECT:[ UseTime:0.001721s ] mysql:dbname=stms;host=127.0.0.1;port=3306;charset=utf8
[ sql ] [ SQL ] SHOW COLUMNS FROM `tp_test_pe` [ RunTime:0.004104s ]
[ sql ] [ SQL ] SELECT * FROM `tp_test_pe` WHERE  `id` = 0 LIMIT 1 [ RunTime:0.002422s ]

---------------------------------------------------------------
